mode: atomic
github.com/eciavatta/caronte/internal/similarity/byte_histogram.go:28.66,29.69 1 1
github.com/eciavatta/caronte/internal/similarity/byte_histogram.go:29.69,31.3 1 1
github.com/eciavatta/caronte/internal/similarity/byte_histogram.go:31.8,33.3 1 0
github.com/eciavatta/caronte/internal/similarity/byte_histogram.go:36.60,38.2 1 4
github.com/eciavatta/caronte/internal/similarity/byte_histogram.go:40.56,42.27 2 2
github.com/eciavatta/caronte/internal/similarity/byte_histogram.go:48.2,48.31 1 2
github.com/eciavatta/caronte/internal/similarity/byte_histogram.go:42.27,43.22 1 424
github.com/eciavatta/caronte/internal/similarity/byte_histogram.go:43.22,45.4 1 424
github.com/eciavatta/caronte/internal/similarity/byte_histogram.go:51.48,56.2 4 3
github.com/eciavatta/caronte/internal/similarity/byte_histogram.go:58.42,60.2 1 6
github.com/eciavatta/caronte/internal/similarity/byte_histogram.go:62.61,64.27 2 3
github.com/eciavatta/caronte/internal/similarity/byte_histogram.go:71.2,71.12 1 3
github.com/eciavatta/caronte/internal/similarity/byte_histogram.go:64.27,65.37 1 768
github.com/eciavatta/caronte/internal/similarity/byte_histogram.go:65.37,67.4 1 30
github.com/eciavatta/caronte/internal/similarity/byte_histogram.go:67.9,69.4 1 738
github.com/eciavatta/caronte/internal/similarity/score.go:33.69,37.75 3 0
github.com/eciavatta/caronte/internal/similarity/score.go:43.2,43.45 1 0
github.com/eciavatta/caronte/internal/similarity/score.go:50.2,50.14 1 0
github.com/eciavatta/caronte/internal/similarity/score.go:37.75,38.57 1 0
github.com/eciavatta/caronte/internal/similarity/score.go:38.57,40.4 1 0
github.com/eciavatta/caronte/internal/similarity/score.go:43.45,45.42 2 0
github.com/eciavatta/caronte/internal/similarity/score.go:45.42,47.4 1 0
github.com/eciavatta/caronte/internal/similarity/tlsh.go:25.27,29.2 3 4
github.com/eciavatta/caronte/internal/similarity/tlsh.go:31.48,33.34 2 2
github.com/eciavatta/caronte/internal/similarity/tlsh.go:37.2,43.32 7 2
github.com/eciavatta/caronte/internal/similarity/tlsh.go:47.2,47.67 1 2
github.com/eciavatta/caronte/internal/similarity/tlsh.go:33.34,35.3 1 0
github.com/eciavatta/caronte/internal/similarity/tlsh.go:43.32,45.3 1 64
github.com/eciavatta/caronte/internal/similarity/utils.go:26.40,29.44 3 7
github.com/eciavatta/caronte/internal/similarity/utils.go:32.2,32.35 1 7
github.com/eciavatta/caronte/internal/similarity/utils.go:35.2,35.19 1 7
github.com/eciavatta/caronte/internal/similarity/utils.go:29.44,30.13 1 0
github.com/eciavatta/caronte/internal/similarity/utils.go:32.35,33.13 1 0
github.com/eciavatta/caronte/internal/similarity/utils.go:38.40,41.47 3 5
github.com/eciavatta/caronte/internal/similarity/utils.go:52.2,52.19 1 5
github.com/eciavatta/caronte/internal/similarity/utils.go:41.47,42.44 1 5
github.com/eciavatta/caronte/internal/similarity/utils.go:45.3,45.36 1 5
github.com/eciavatta/caronte/internal/similarity/utils.go:42.44,43.14 1 0
github.com/eciavatta/caronte/internal/similarity/utils.go:45.36,46.14 1 0
github.com/eciavatta/caronte/internal/similarity/utils.go:48.8,49.13 1 0
github.com/eciavatta/caronte/internal/similarity/utils.go:55.24,56.11 1 2
github.com/eciavatta/caronte/internal/similarity/utils.go:56.11,58.3 1 1
github.com/eciavatta/caronte/internal/similarity/utils.go:58.8,60.3 1 1
github.com/eciavatta/caronte/internal/similarity/utils.go:63.24,64.11 1 2
github.com/eciavatta/caronte/internal/similarity/utils.go:64.11,66.3 1 1
github.com/eciavatta/caronte/internal/similarity/utils.go:66.8,68.3 1 1
github.com/eciavatta/caronte/internal/core/notification_controller.go:52.95,64.2 1 5
github.com/eciavatta/caronte/internal/core/notification_controller.go:72.105,74.16 2 0
github.com/eciavatta/caronte/internal/core/notification_controller.go:79.2,88.12 5 0
github.com/eciavatta/caronte/internal/core/notification_controller.go:74.16,77.3 2 0
github.com/eciavatta/caronte/internal/core/notification_controller.go:91.45,92.6 1 4
github.com/eciavatta/caronte/internal/core/notification_controller.go:92.6,93.10 1 15
github.com/eciavatta/caronte/internal/core/notification_controller.go:94.32,104.45 4 0
github.com/eciavatta/caronte/internal/core/notification_controller.go:105.34,106.57 1 0
github.com/eciavatta/caronte/internal/core/notification_controller.go:115.34,116.38 1 11
github.com/eciavatta/caronte/internal/core/notification_controller.go:106.57,114.5 5 0
github.com/eciavatta/caronte/internal/core/notification_controller.go:116.38,117.12 1 0
github.com/eciavatta/caronte/internal/core/notification_controller.go:118.33,118.33 0 0
github.com/eciavatta/caronte/internal/core/notification_controller.go:119.13,121.50 2 0
github.com/eciavatta/caronte/internal/core/notification_controller.go:128.81,130.2 1 11
github.com/eciavatta/caronte/internal/core/notification_controller.go:132.29,134.73 2 0
github.com/eciavatta/caronte/internal/core/notification_controller.go:138.2,138.43 1 0
github.com/eciavatta/caronte/internal/core/notification_controller.go:139.2,139.6 1 0
github.com/eciavatta/caronte/internal/core/notification_controller.go:149.2,149.11 1 0
github.com/eciavatta/caronte/internal/core/notification_controller.go:134.73,137.3 2 0
github.com/eciavatta/caronte/internal/core/notification_controller.go:138.43,138.102 1 0
github.com/eciavatta/caronte/internal/core/notification_controller.go:139.6,140.52 1 0
github.com/eciavatta/caronte/internal/core/notification_controller.go:140.52,141.71 1 0
github.com/eciavatta/caronte/internal/core/notification_controller.go:145.4,145.9 1 0
github.com/eciavatta/caronte/internal/core/notification_controller.go:141.71,144.5 1 0
github.com/eciavatta/caronte/internal/core/notification_controller.go:152.30,156.6 3 0
github.com/eciavatta/caronte/internal/core/notification_controller.go:156.6,157.10 1 0
github.com/eciavatta/caronte/internal/core/notification_controller.go:158.32,159.11 1 0
github.com/eciavatta/caronte/internal/core/notification_controller.go:162.4,162.77 1 0
github.com/eciavatta/caronte/internal/core/notification_controller.go:166.4,166.52 1 0
github.com/eciavatta/caronte/internal/core/notification_controller.go:170.19,171.77 1 0
github.com/eciavatta/caronte/internal/core/notification_controller.go:175.4,175.74 1 0
github.com/eciavatta/caronte/internal/core/notification_controller.go:159.11,161.5 1 0
github.com/eciavatta/caronte/internal/core/notification_controller.go:162.77,165.5 2 0
github.com/eciavatta/caronte/internal/core/notification_controller.go:166.52,169.5 2 0
github.com/eciavatta/caronte/internal/core/notification_controller.go:171.77,174.5 2 0
github.com/eciavatta/caronte/internal/core/notification_controller.go:175.74,178.5 2 0
github.com/eciavatta/caronte/internal/core/notification_controller.go:183.26,185.2 1 0
github.com/eciavatta/caronte/internal/core/services_controller.go:41.65,43.60 2 6
github.com/eciavatta/caronte/internal/core/services_controller.go:48.2,49.33 2 6
github.com/eciavatta/caronte/internal/core/services_controller.go:53.2,56.3 1 6
github.com/eciavatta/caronte/internal/core/services_controller.go:43.60,46.3 2 0
github.com/eciavatta/caronte/internal/core/services_controller.go:49.33,51.3 1 0
github.com/eciavatta/caronte/internal/core/services_controller.go:59.84,65.16 5 0
github.com/eciavatta/caronte/internal/core/services_controller.go:68.2,68.30 1 0
github.com/eciavatta/caronte/internal/core/services_controller.go:71.2,71.12 1 0
github.com/eciavatta/caronte/internal/core/services_controller.go:65.16,67.3 1 0
github.com/eciavatta/caronte/internal/core/services_controller.go:68.30,70.3 1 0
github.com/eciavatta/caronte/internal/core/services_controller.go:74.64,77.38 3 0
github.com/eciavatta/caronte/internal/core/services_controller.go:80.2,81.17 2 0
github.com/eciavatta/caronte/internal/core/services_controller.go:77.38,79.3 1 0
github.com/eciavatta/caronte/internal/core/services_controller.go:84.87,89.80 3 0
github.com/eciavatta/caronte/internal/core/services_controller.go:89.80,91.3 1 0
github.com/eciavatta/caronte/internal/core/services_controller.go:91.8,94.3 2 0
github.com/eciavatta/caronte/internal/core/storage.go:64.104,69.38 4 25
github.com/eciavatta/caronte/internal/core/storage.go:76.2,77.16 2 25
github.com/eciavatta/caronte/internal/core/storage.go:81.2,81.44 1 25
github.com/eciavatta/caronte/internal/core/storage.go:85.2,100.17 3 25
github.com/eciavatta/caronte/internal/core/storage.go:104.2,111.17 1 25
github.com/eciavatta/caronte/internal/core/storage.go:115.2,119.8 1 25
github.com/eciavatta/caronte/internal/core/storage.go:69.38,74.3 1 0
github.com/eciavatta/caronte/internal/core/storage.go:77.16,79.3 1 0
github.com/eciavatta/caronte/internal/core/storage.go:81.44,83.3 1 0
github.com/eciavatta/caronte/internal/core/storage.go:100.17,102.3 1 0
github.com/eciavatta/caronte/internal/core/storage.go:111.17,113.3 1 0
github.com/eciavatta/caronte/internal/core/storage.go:138.77,141.2 2 30
github.com/eciavatta/caronte/internal/core/storage.go:143.70,146.2 2 0
github.com/eciavatta/caronte/internal/core/storage.go:148.79,149.19 1 1034
github.com/eciavatta/caronte/internal/core/storage.go:153.2,154.16 2 1033
github.com/eciavatta/caronte/internal/core/storage.go:158.2,158.31 1 1033
github.com/eciavatta/caronte/internal/core/storage.go:149.19,151.3 1 1
github.com/eciavatta/caronte/internal/core/storage.go:154.16,156.3 1 0
github.com/eciavatta/caronte/internal/core/storage.go:161.85,162.19 1 6
github.com/eciavatta/caronte/internal/core/storage.go:166.2,167.16 2 5
github.com/eciavatta/caronte/internal/core/storage.go:171.2,171.33 1 5
github.com/eciavatta/caronte/internal/core/storage.go:162.19,164.3 1 1
github.com/eciavatta/caronte/internal/core/storage.go:167.16,169.3 1 0
github.com/eciavatta/caronte/internal/core/storage.go:174.76,180.9 3 1038
github.com/eciavatta/caronte/internal/core/storage.go:183.2,183.11 1 1038
github.com/eciavatta/caronte/internal/core/storage.go:180.9,182.3 1 1
github.com/eciavatta/caronte/internal/core/storage.go:207.77,210.2 2 7
github.com/eciavatta/caronte/internal/core/storage.go:212.79,213.30 1 1022
github.com/eciavatta/caronte/internal/core/storage.go:216.2,216.11 1 1022
github.com/eciavatta/caronte/internal/core/storage.go:213.30,215.3 1 1022
github.com/eciavatta/caronte/internal/core/storage.go:219.83,223.2 3 1015
github.com/eciavatta/caronte/internal/core/storage.go:225.70,226.19 1 22
github.com/eciavatta/caronte/internal/core/storage.go:230.2,230.27 1 21
github.com/eciavatta/caronte/internal/core/storage.go:233.2,234.16 2 21
github.com/eciavatta/caronte/internal/core/storage.go:238.2,238.28 1 21
github.com/eciavatta/caronte/internal/core/storage.go:241.2,241.39 1 21
github.com/eciavatta/caronte/internal/core/storage.go:226.19,228.3 1 1
github.com/eciavatta/caronte/internal/core/storage.go:230.27,232.3 1 21
github.com/eciavatta/caronte/internal/core/storage.go:234.16,236.3 1 0
github.com/eciavatta/caronte/internal/core/storage.go:238.28,240.3 1 15
github.com/eciavatta/caronte/internal/core/storage.go:244.77,245.19 1 1000
github.com/eciavatta/caronte/internal/core/storage.go:249.2,250.16 2 1000
github.com/eciavatta/caronte/internal/core/storage.go:254.2,254.28 1 1000
github.com/eciavatta/caronte/internal/core/storage.go:257.2,257.39 1 1000
github.com/eciavatta/caronte/internal/core/storage.go:245.19,247.3 1 0
github.com/eciavatta/caronte/internal/core/storage.go:250.16,252.3 1 0
github.com/eciavatta/caronte/internal/core/storage.go:254.28,256.3 1 1000
github.com/eciavatta/caronte/internal/core/storage.go:260.72,261.19 1 2
github.com/eciavatta/caronte/internal/core/storage.go:265.2,265.27 1 1
github.com/eciavatta/caronte/internal/core/storage.go:268.2,269.16 2 1
github.com/eciavatta/caronte/internal/core/storage.go:273.2,273.28 1 1
github.com/eciavatta/caronte/internal/core/storage.go:276.2,276.34 1 1
github.com/eciavatta/caronte/internal/core/storage.go:261.19,263.3 1 1
github.com/eciavatta/caronte/internal/core/storage.go:265.27,267.3 1 1
github.com/eciavatta/caronte/internal/core/storage.go:269.16,271.3 1 0
github.com/eciavatta/caronte/internal/core/storage.go:273.28,275.3 1 0
github.com/eciavatta/caronte/internal/core/storage.go:279.76,287.9 3 1021
github.com/eciavatta/caronte/internal/core/storage.go:290.2,290.11 1 1021
github.com/eciavatta/caronte/internal/core/storage.go:287.9,289.3 1 1
github.com/eciavatta/caronte/internal/core/storage.go:319.73,322.2 2 1019
github.com/eciavatta/caronte/internal/core/storage.go:324.75,325.30 1 1022
github.com/eciavatta/caronte/internal/core/storage.go:328.2,328.11 1 1022
github.com/eciavatta/caronte/internal/core/storage.go:325.30,327.3 1 1022
github.com/eciavatta/caronte/internal/core/storage.go:331.83,332.34 1 0
github.com/eciavatta/caronte/internal/core/storage.go:335.2,337.11 3 0
github.com/eciavatta/caronte/internal/core/storage.go:332.34,334.3 1 0
github.com/eciavatta/caronte/internal/core/storage.go:340.59,343.2 2 6
github.com/eciavatta/caronte/internal/core/storage.go:345.58,348.2 2 0
github.com/eciavatta/caronte/internal/core/storage.go:350.76,353.2 2 0
github.com/eciavatta/caronte/internal/core/storage.go:355.79,357.15 2 14
github.com/eciavatta/caronte/internal/core/storage.go:362.2,365.11 4 14
github.com/eciavatta/caronte/internal/core/storage.go:357.15,359.3 1 13
github.com/eciavatta/caronte/internal/core/storage.go:359.8,361.3 1 1
github.com/eciavatta/caronte/internal/core/storage.go:368.62,369.19 1 1022
github.com/eciavatta/caronte/internal/core/storage.go:373.2,374.16 2 1021
github.com/eciavatta/caronte/internal/core/storage.go:382.2,382.12 1 1011
github.com/eciavatta/caronte/internal/core/storage.go:369.19,371.3 1 1
github.com/eciavatta/caronte/internal/core/storage.go:374.16,375.34 1 10
github.com/eciavatta/caronte/internal/core/storage.go:380.3,380.13 1 0
github.com/eciavatta/caronte/internal/core/storage.go:375.34,378.4 2 10
github.com/eciavatta/caronte/internal/core/storage.go:385.61,386.19 1 39
github.com/eciavatta/caronte/internal/core/storage.go:389.2,390.16 2 38
github.com/eciavatta/caronte/internal/core/storage.go:393.2,394.16 2 38
github.com/eciavatta/caronte/internal/core/storage.go:397.2,397.12 1 38
github.com/eciavatta/caronte/internal/core/storage.go:386.19,388.3 1 1
github.com/eciavatta/caronte/internal/core/storage.go:390.16,392.3 1 0
github.com/eciavatta/caronte/internal/core/storage.go:394.16,396.3 1 0
github.com/eciavatta/caronte/internal/core/storage.go:400.103,401.19 1 1
github.com/eciavatta/caronte/internal/core/storage.go:405.2,406.29 2 1
github.com/eciavatta/caronte/internal/core/storage.go:410.2,411.16 2 1
github.com/eciavatta/caronte/internal/core/storage.go:415.2,416.26 2 1
github.com/eciavatta/caronte/internal/core/storage.go:429.2,429.21 1 1
github.com/eciavatta/caronte/internal/core/storage.go:401.19,403.3 1 0
github.com/eciavatta/caronte/internal/core/storage.go:406.29,409.3 2 0
github.com/eciavatta/caronte/internal/core/storage.go:411.16,413.3 1 0
github.com/eciavatta/caronte/internal/core/storage.go:416.26,418.44 2 3
github.com/eciavatta/caronte/internal/core/storage.go:421.3,421.33 1 3
github.com/eciavatta/caronte/internal/core/storage.go:424.3,424.36 1 3
github.com/eciavatta/caronte/internal/core/storage.go:418.44,420.4 1 0
github.com/eciavatta/caronte/internal/core/storage.go:421.33,423.4 1 3
github.com/eciavatta/caronte/internal/core/storage.go:424.36,425.9 1 0
github.com/eciavatta/caronte/internal/core/storage.go:432.72,442.9 3 1058
github.com/eciavatta/caronte/internal/core/storage.go:445.2,445.11 1 1058
github.com/eciavatta/caronte/internal/core/storage.go:442.9,444.3 1 1
github.com/eciavatta/caronte/internal/core/storage.go:457.76,463.9 3 0
github.com/eciavatta/caronte/internal/core/storage.go:466.2,466.11 1 0
github.com/eciavatta/caronte/internal/core/storage.go:463.9,465.3 1 0
github.com/eciavatta/caronte/internal/core/storage.go:477.77,480.2 2 0
github.com/eciavatta/caronte/internal/core/storage.go:482.79,483.30 1 0
github.com/eciavatta/caronte/internal/core/storage.go:487.2,487.11 1 0
github.com/eciavatta/caronte/internal/core/storage.go:483.30,485.3 1 0
github.com/eciavatta/caronte/internal/core/storage.go:490.44,491.19 1 0
github.com/eciavatta/caronte/internal/core/storage.go:495.2,496.16 2 0
github.com/eciavatta/caronte/internal/core/storage.go:500.2,500.30 1 0
github.com/eciavatta/caronte/internal/core/storage.go:504.2,504.12 1 0
github.com/eciavatta/caronte/internal/core/storage.go:491.19,493.3 1 0
github.com/eciavatta/caronte/internal/core/storage.go:496.16,498.3 1 0
github.com/eciavatta/caronte/internal/core/storage.go:500.30,502.3 1 0
github.com/eciavatta/caronte/internal/core/storage.go:507.45,508.19 1 0
github.com/eciavatta/caronte/internal/core/storage.go:512.2,513.16 2 0
github.com/eciavatta/caronte/internal/core/storage.go:517.2,517.30 1 0
github.com/eciavatta/caronte/internal/core/storage.go:521.2,521.12 1 0
github.com/eciavatta/caronte/internal/core/storage.go:508.19,510.3 1 0
github.com/eciavatta/caronte/internal/core/storage.go:513.16,515.3 1 0
github.com/eciavatta/caronte/internal/core/storage.go:517.30,519.3 1 0
github.com/eciavatta/caronte/internal/core/resources_controller.go:50.97,54.2 1 4
github.com/eciavatta/caronte/internal/core/resources_controller.go:56.80,58.2 1 0
github.com/eciavatta/caronte/internal/core/resources_controller.go:60.79,62.16 2 0
github.com/eciavatta/caronte/internal/core/resources_controller.go:65.2,66.16 2 0
github.com/eciavatta/caronte/internal/core/resources_controller.go:69.2,70.16 2 0
github.com/eciavatta/caronte/internal/core/resources_controller.go:74.2,82.3 3 0
github.com/eciavatta/caronte/internal/core/resources_controller.go:62.16,64.3 1 0
github.com/eciavatta/caronte/internal/core/resources_controller.go:66.16,68.3 1 0
github.com/eciavatta/caronte/internal/core/resources_controller.go:70.16,72.3 1 0
github.com/eciavatta/caronte/internal/core/resources_controller.go:85.39,89.6 3 0
github.com/eciavatta/caronte/internal/core/resources_controller.go:89.6,91.17 2 0
github.com/eciavatta/caronte/internal/core/resources_controller.go:96.3,101.119 5 0
github.com/eciavatta/caronte/internal/core/resources_controller.go:91.17,94.4 2 0
github.com/eciavatta/caronte/internal/core/resources_controller.go:101.119,107.4 3 0
github.com/eciavatta/caronte/internal/core/rules_manager.go:102.80,104.74 2 9
github.com/eciavatta/caronte/internal/core/rules_manager.go:108.2,119.29 2 9
github.com/eciavatta/caronte/internal/core/rules_manager.go:126.2,126.34 1 9
github.com/eciavatta/caronte/internal/core/rules_manager.go:149.2,149.27 1 9
github.com/eciavatta/caronte/internal/core/rules_manager.go:104.74,106.3 1 0
github.com/eciavatta/caronte/internal/core/rules_manager.go:119.29,120.69 1 6
github.com/eciavatta/caronte/internal/core/rules_manager.go:120.69,122.4 1 0
github.com/eciavatta/caronte/internal/core/rules_manager.go:126.34,143.3 2 7
github.com/eciavatta/caronte/internal/core/rules_manager.go:143.8,144.79 1 2
github.com/eciavatta/caronte/internal/core/rules_manager.go:144.79,146.4 1 0
github.com/eciavatta/caronte/internal/core/rules_manager.go:152.88,158.58 4 26
github.com/eciavatta/caronte/internal/core/rules_manager.go:163.2,163.53 1 23
github.com/eciavatta/caronte/internal/core/rules_manager.go:167.2,169.79 2 23
github.com/eciavatta/caronte/internal/core/rules_manager.go:173.2,173.21 1 23
github.com/eciavatta/caronte/internal/core/rules_manager.go:158.58,161.3 2 3
github.com/eciavatta/caronte/internal/core/rules_manager.go:163.53,166.3 2 0
github.com/eciavatta/caronte/internal/core/rules_manager.go:169.79,171.3 1 0
github.com/eciavatta/caronte/internal/core/rules_manager.go:176.60,179.2 2 11
github.com/eciavatta/caronte/internal/core/rules_manager.go:181.100,183.16 2 9
github.com/eciavatta/caronte/internal/core/rules_manager.go:187.2,188.36 2 7
github.com/eciavatta/caronte/internal/core/rules_manager.go:192.2,194.16 2 5
github.com/eciavatta/caronte/internal/core/rules_manager.go:198.2,198.13 1 5
github.com/eciavatta/caronte/internal/core/rules_manager.go:209.2,209.21 1 5
github.com/eciavatta/caronte/internal/core/rules_manager.go:183.16,185.3 1 2
github.com/eciavatta/caronte/internal/core/rules_manager.go:188.36,190.3 1 2
github.com/eciavatta/caronte/internal/core/rules_manager.go:194.16,196.3 1 0
github.com/eciavatta/caronte/internal/core/rules_manager.go:198.13,207.3 7 5
github.com/eciavatta/caronte/internal/core/rules_manager.go:212.47,215.32 2 4
github.com/eciavatta/caronte/internal/core/rules_manager.go:219.2,219.40 1 4
github.com/eciavatta/caronte/internal/core/rules_manager.go:223.2,223.14 1 4
github.com/eciavatta/caronte/internal/core/rules_manager.go:215.32,217.3 1 18
github.com/eciavatta/caronte/internal/core/rules_manager.go:219.40,221.3 1 14
github.com/eciavatta/caronte/internal/core/rules_manager.go:227.41,231.24 2 8
github.com/eciavatta/caronte/internal/core/rules_manager.go:258.2,259.32 2 8
github.com/eciavatta/caronte/internal/core/rules_manager.go:299.2,299.19 1 8
github.com/eciavatta/caronte/internal/core/rules_manager.go:231.24,233.4 1 37
github.com/eciavatta/caronte/internal/core/rules_manager.go:234.24,236.4 1 31
github.com/eciavatta/caronte/internal/core/rules_manager.go:237.24,239.4 1 31
github.com/eciavatta/caronte/internal/core/rules_manager.go:240.24,243.4 1 31
github.com/eciavatta/caronte/internal/core/rules_manager.go:244.24,247.4 1 31
github.com/eciavatta/caronte/internal/core/rules_manager.go:248.24,251.4 1 31
github.com/eciavatta/caronte/internal/core/rules_manager.go:252.24,255.4 1 31
github.com/eciavatta/caronte/internal/core/rules_manager.go:259.32,261.37 2 37
github.com/eciavatta/caronte/internal/core/rules_manager.go:268.3,268.35 1 37
github.com/eciavatta/caronte/internal/core/rules_manager.go:294.3,294.15 1 37
github.com/eciavatta/caronte/internal/core/rules_manager.go:261.37,262.16 1 223
github.com/eciavatta/caronte/internal/core/rules_manager.go:262.16,264.10 2 6
github.com/eciavatta/caronte/internal/core/rules_manager.go:268.35,269.62 1 31
github.com/eciavatta/caronte/internal/core/rules_manager.go:273.4,276.40 3 31
github.com/eciavatta/caronte/internal/core/rules_manager.go:269.62,272.5 1 14
github.com/eciavatta/caronte/internal/core/rules_manager.go:276.40,277.63 1 13
github.com/eciavatta/caronte/internal/core/rules_manager.go:277.63,279.11 2 9
github.com/eciavatta/caronte/internal/core/rules_manager.go:281.10,281.47 1 18
github.com/eciavatta/caronte/internal/core/rules_manager.go:281.47,282.63 1 14
github.com/eciavatta/caronte/internal/core/rules_manager.go:282.63,284.11 2 9
github.com/eciavatta/caronte/internal/core/rules_manager.go:286.10,287.112 1 4
github.com/eciavatta/caronte/internal/core/rules_manager.go:287.112,289.11 2 1
github.com/eciavatta/caronte/internal/core/rules_manager.go:294.15,296.4 1 12
github.com/eciavatta/caronte/internal/core/rules_manager.go:302.72,304.2 1 30
github.com/eciavatta/caronte/internal/core/rules_manager.go:306.71,307.68 1 32
github.com/eciavatta/caronte/internal/core/rules_manager.go:311.2,313.40 3 30
github.com/eciavatta/caronte/internal/core/rules_manager.go:347.2,348.39 2 29
github.com/eciavatta/caronte/internal/core/rules_manager.go:354.2,357.12 3 29
github.com/eciavatta/caronte/internal/core/rules_manager.go:307.68,309.3 1 2
github.com/eciavatta/caronte/internal/core/rules_manager.go:313.40,314.53 1 30
github.com/eciavatta/caronte/internal/core/rules_manager.go:318.3,319.37 2 30
github.com/eciavatta/caronte/internal/core/rules_manager.go:322.3,322.37 1 30
github.com/eciavatta/caronte/internal/core/rules_manager.go:325.3,328.17 3 30
github.com/eciavatta/caronte/internal/core/rules_manager.go:331.3,332.58 2 29
github.com/eciavatta/caronte/internal/core/rules_manager.go:335.3,335.69 1 29
github.com/eciavatta/caronte/internal/core/rules_manager.go:340.3,344.34 5 19
github.com/eciavatta/caronte/internal/core/rules_manager.go:314.53,316.4 1 0
github.com/eciavatta/caronte/internal/core/rules_manager.go:319.37,321.4 1 23
github.com/eciavatta/caronte/internal/core/rules_manager.go:322.37,324.4 1 23
github.com/eciavatta/caronte/internal/core/rules_manager.go:328.17,330.4 1 1
github.com/eciavatta/caronte/internal/core/rules_manager.go:332.58,334.4 1 0
github.com/eciavatta/caronte/internal/core/rules_manager.go:335.69,337.12 2 10
github.com/eciavatta/caronte/internal/core/rules_manager.go:348.39,352.3 3 19
github.com/eciavatta/caronte/internal/core/rules_manager.go:360.67,362.16 2 25
github.com/eciavatta/caronte/internal/core/rules_manager.go:366.2,366.12 1 25
github.com/eciavatta/caronte/internal/core/rules_manager.go:374.2,374.12 1 25
github.com/eciavatta/caronte/internal/core/rules_manager.go:362.16,364.3 1 0
github.com/eciavatta/caronte/internal/core/rules_manager.go:366.12,372.3 1 25
github.com/eciavatta/caronte/internal/core/rules_manager.go:377.62,379.16 2 30
github.com/eciavatta/caronte/internal/core/rules_manager.go:383.2,384.22 2 29
github.com/eciavatta/caronte/internal/core/rules_manager.go:387.2,387.20 1 29
github.com/eciavatta/caronte/internal/core/rules_manager.go:390.2,390.23 1 29
github.com/eciavatta/caronte/internal/core/rules_manager.go:393.2,393.22 1 29
github.com/eciavatta/caronte/internal/core/rules_manager.go:396.2,396.29 1 29
github.com/eciavatta/caronte/internal/core/rules_manager.go:400.2,400.19 1 29
github.com/eciavatta/caronte/internal/core/rules_manager.go:404.2,404.16 1 29
github.com/eciavatta/caronte/internal/core/rules_manager.go:379.16,381.3 1 1
github.com/eciavatta/caronte/internal/core/rules_manager.go:384.22,386.3 1 2
github.com/eciavatta/caronte/internal/core/rules_manager.go:387.20,389.3 1 1
github.com/eciavatta/caronte/internal/core/rules_manager.go:390.23,392.3 1 2
github.com/eciavatta/caronte/internal/core/rules_manager.go:393.22,395.3 1 17
github.com/eciavatta/caronte/internal/core/rules_manager.go:396.29,398.3 1 1
github.com/eciavatta/caronte/internal/core/rules_manager.go:400.19,402.3 1 0
github.com/eciavatta/caronte/internal/core/utils.go:36.49,38.16 2 6
github.com/eciavatta/caronte/internal/core/utils.go:41.2,41.15 1 6
github.com/eciavatta/caronte/internal/core/utils.go:48.2,49.41 2 6
github.com/eciavatta/caronte/internal/core/utils.go:53.2,53.43 1 6
github.com/eciavatta/caronte/internal/core/utils.go:38.16,40.3 1 0
github.com/eciavatta/caronte/internal/core/utils.go:41.15,43.17 2 6
github.com/eciavatta/caronte/internal/core/utils.go:43.17,45.4 1 0
github.com/eciavatta/caronte/internal/core/utils.go:49.41,51.3 1 0
github.com/eciavatta/caronte/internal/core/utils.go:56.61,62.16 5 3030
github.com/eciavatta/caronte/internal/core/utils.go:65.2,66.32 2 0
github.com/eciavatta/caronte/internal/core/utils.go:62.16,64.3 1 3030
github.com/eciavatta/caronte/internal/core/utils.go:69.23,71.2 1 33
github.com/eciavatta/caronte/internal/core/utils.go:73.25,75.2 1 9
github.com/eciavatta/caronte/internal/core/utils.go:77.46,80.2 2 12
github.com/eciavatta/caronte/internal/core/utils.go:82.39,84.24 2 3
github.com/eciavatta/caronte/internal/core/utils.go:87.2,87.22 1 2
github.com/eciavatta/caronte/internal/core/utils.go:84.24,86.3 1 1
github.com/eciavatta/caronte/internal/core/utils.go:90.38,92.24 2 4
github.com/eciavatta/caronte/internal/core/utils.go:95.2,95.20 1 4
github.com/eciavatta/caronte/internal/core/utils.go:92.24,94.3 1 0
github.com/eciavatta/caronte/internal/core/utils.go:98.37,100.2 1 0
github.com/eciavatta/caronte/internal/core/utils.go:102.55,103.16 1 0
github.com/eciavatta/caronte/internal/core/utils.go:104.13,105.36 1 0
github.com/eciavatta/caronte/internal/core/utils.go:106.17,107.26 1 0
github.com/eciavatta/caronte/internal/core/utils.go:108.16,109.51 1 0
github.com/eciavatta/caronte/internal/core/utils.go:110.16,111.51 1 0
github.com/eciavatta/caronte/internal/core/utils.go:112.15,114.29 2 0
github.com/eciavatta/caronte/internal/core/utils.go:115.16,117.29 2 0
github.com/eciavatta/caronte/internal/core/utils.go:118.17,120.29 2 0
github.com/eciavatta/caronte/internal/core/utils.go:121.15,123.29 2 0
github.com/eciavatta/caronte/internal/core/utils.go:124.10,125.24 1 0
github.com/eciavatta/caronte/internal/core/utils.go:129.38,131.16 2 6
github.com/eciavatta/caronte/internal/core/utils.go:135.2,136.16 2 6
github.com/eciavatta/caronte/internal/core/utils.go:140.2,140.43 1 6
github.com/eciavatta/caronte/internal/core/utils.go:144.2,144.35 1 6
github.com/eciavatta/caronte/internal/core/utils.go:147.2,147.20 1 6
github.com/eciavatta/caronte/internal/core/utils.go:131.16,133.3 1 0
github.com/eciavatta/caronte/internal/core/utils.go:136.16,138.3 1 0
github.com/eciavatta/caronte/internal/core/utils.go:140.43,142.3 1 0
github.com/eciavatta/caronte/internal/core/utils.go:144.35,146.3 1 0
github.com/eciavatta/caronte/internal/core/utils.go:150.44,152.16 2 16
github.com/eciavatta/caronte/internal/core/utils.go:170.2,170.16 1 16
github.com/eciavatta/caronte/internal/core/utils.go:152.16,154.16 2 14
github.com/eciavatta/caronte/internal/core/utils.go:158.3,159.22 2 14
github.com/eciavatta/caronte/internal/core/utils.go:164.3,167.4 1 14
github.com/eciavatta/caronte/internal/core/utils.go:154.16,156.4 1 0
github.com/eciavatta/caronte/internal/core/utils.go:159.22,161.4 1 14
github.com/eciavatta/caronte/internal/core/utils.go:161.9,163.4 1 0
github.com/eciavatta/caronte/internal/core/utils.go:173.39,175.26 2 0
github.com/eciavatta/caronte/internal/core/utils.go:178.2,178.34 1 0
github.com/eciavatta/caronte/internal/core/utils.go:175.26,177.3 1 0
github.com/eciavatta/caronte/internal/core/connection_handler.go:78.104,95.2 4 8
github.com/eciavatta/caronte/internal/core/connection_handler.go:97.73,98.6 1 8
github.com/eciavatta/caronte/internal/core/connection_handler.go:98.6,100.10 2 44
github.com/eciavatta/caronte/internal/core/connection_handler.go:103.3,107.30 4 36
github.com/eciavatta/caronte/internal/core/connection_handler.go:117.3,118.34 2 36
github.com/eciavatta/caronte/internal/core/connection_handler.go:100.10,102.4 1 2
github.com/eciavatta/caronte/internal/core/connection_handler.go:107.30,109.18 2 1000
github.com/eciavatta/caronte/internal/core/connection_handler.go:109.18,111.5 1 0
github.com/eciavatta/caronte/internal/core/connection_handler.go:111.10,114.5 2 1000
github.com/eciavatta/caronte/internal/core/connection_handler.go:122.66,126.32 3 5000
github.com/eciavatta/caronte/internal/core/connection_handler.go:138.2,142.16 4 2855
github.com/eciavatta/caronte/internal/core/connection_handler.go:126.32,128.17 2 2145
github.com/eciavatta/caronte/internal/core/connection_handler.go:132.3,135.4 1 2145
github.com/eciavatta/caronte/internal/core/connection_handler.go:128.17,130.4 1 0
github.com/eciavatta/caronte/internal/core/connection_handler.go:145.76,149.54 3 5000
github.com/eciavatta/caronte/internal/core/connection_handler.go:157.2,157.54 1 5000
github.com/eciavatta/caronte/internal/core/connection_handler.go:149.54,151.17 2 20
github.com/eciavatta/caronte/internal/core/connection_handler.go:155.3,155.50 1 20
github.com/eciavatta/caronte/internal/core/connection_handler.go:151.17,154.4 2 0
github.com/eciavatta/caronte/internal/core/connection_handler.go:160.105,167.15 6 2000
github.com/eciavatta/caronte/internal/core/connection_handler.go:183.2,189.23 4 2000
github.com/eciavatta/caronte/internal/core/connection_handler.go:167.15,169.3 1 1000
github.com/eciavatta/caronte/internal/core/connection_handler.go:169.8,171.15 2 1000
github.com/eciavatta/caronte/internal/core/connection_handler.go:176.3,181.41 2 1000
github.com/eciavatta/caronte/internal/core/connection_handler.go:171.15,173.4 1 519
github.com/eciavatta/caronte/internal/core/connection_handler.go:173.9,175.4 1 481
github.com/eciavatta/caronte/internal/core/connection_handler.go:192.67,195.27 3 2000
github.com/eciavatta/caronte/internal/core/connection_handler.go:200.2,203.68 3 1000
github.com/eciavatta/caronte/internal/core/connection_handler.go:209.2,209.65 1 1000
github.com/eciavatta/caronte/internal/core/connection_handler.go:215.2,216.45 2 1000
github.com/eciavatta/caronte/internal/core/connection_handler.go:224.2,246.16 5 1000
github.com/eciavatta/caronte/internal/core/connection_handler.go:251.2,252.25 2 1000
github.com/eciavatta/caronte/internal/core/connection_handler.go:263.2,264.44 2 1000
github.com/eciavatta/caronte/internal/core/connection_handler.go:195.27,199.3 3 1000
github.com/eciavatta/caronte/internal/core/connection_handler.go:203.68,205.3 1 23
github.com/eciavatta/caronte/internal/core/connection_handler.go:205.8,207.3 1 977
github.com/eciavatta/caronte/internal/core/connection_handler.go:209.65,211.3 1 977
github.com/eciavatta/caronte/internal/core/connection_handler.go:211.8,213.3 1 23
github.com/eciavatta/caronte/internal/core/connection_handler.go:216.45,219.3 2 524
github.com/eciavatta/caronte/internal/core/connection_handler.go:219.8,222.3 2 476
github.com/eciavatta/caronte/internal/core/connection_handler.go:246.16,249.3 2 0
github.com/eciavatta/caronte/internal/core/connection_handler.go:252.25,256.17 2 0
github.com/eciavatta/caronte/internal/core/connection_handler.go:256.17,258.4 1 0
github.com/eciavatta/caronte/internal/core/connection_handler.go:258.9,258.39 1 0
github.com/eciavatta/caronte/internal/core/connection_handler.go:258.39,260.4 1 0
github.com/eciavatta/caronte/internal/core/connection_handler.go:267.74,271.51 3 1000
github.com/eciavatta/caronte/internal/core/connection_handler.go:274.2,284.49 3 1000
github.com/eciavatta/caronte/internal/core/connection_handler.go:288.2,291.69 2 1000
github.com/eciavatta/caronte/internal/core/connection_handler.go:271.51,273.3 1 0
github.com/eciavatta/caronte/internal/core/connection_handler.go:284.49,286.3 1 0
github.com/eciavatta/caronte/internal/core/connection_handler.go:291.69,293.3 1 0
github.com/eciavatta/caronte/internal/core/connection_handler.go:296.66,302.29 5 8
github.com/eciavatta/caronte/internal/core/connection_handler.go:307.2,307.6 1 8
github.com/eciavatta/caronte/internal/core/connection_handler.go:302.29,305.3 2 2
github.com/eciavatta/caronte/internal/core/connection_handler.go:307.6,308.10 1 3061
github.com/eciavatta/caronte/internal/core/connection_handler.go:309.55,310.17 1 3000
github.com/eciavatta/caronte/internal/core/connection_handler.go:317.17,318.26 1 53
github.com/eciavatta/caronte/internal/core/connection_handler.go:321.26,323.28 2 0
github.com/eciavatta/caronte/internal/core/connection_handler.go:310.17,314.5 3 1000
github.com/eciavatta/caronte/internal/core/connection_handler.go:314.10,316.5 1 2000
github.com/eciavatta/caronte/internal/core/connection_handler.go:318.26,320.5 1 2
github.com/eciavatta/caronte/internal/core/connection_handler.go:328.52,330.2 1 2000
github.com/eciavatta/caronte/internal/core/connection_handler.go:332.78,334.2 1 2000
github.com/eciavatta/caronte/internal/core/connection_handler.go:336.61,338.2 1 2000
github.com/eciavatta/caronte/internal/core/connection_handler.go:340.36,347.2 6 3004
github.com/eciavatta/caronte/internal/core/connection_streams_controller.go:81.82,85.2 1 6
github.com/eciavatta/caronte/internal/core/connection_streams_controller.go:88.46,90.28 2 0
github.com/eciavatta/caronte/internal/core/connection_streams_controller.go:94.2,102.33 7 0
github.com/eciavatta/caronte/internal/core/connection_streams_controller.go:105.2,105.33 1 0
github.com/eciavatta/caronte/internal/core/connection_streams_controller.go:109.2,114.61 6 0
github.com/eciavatta/caronte/internal/core/connection_streams_controller.go:204.2,204.23 1 0
github.com/eciavatta/caronte/internal/core/connection_streams_controller.go:90.28,92.3 1 0
github.com/eciavatta/caronte/internal/core/connection_streams_controller.go:102.33,104.3 1 0
github.com/eciavatta/caronte/internal/core/connection_streams_controller.go:105.33,107.3 1 0
github.com/eciavatta/caronte/internal/core/connection_streams_controller.go:114.61,117.66 1 0
github.com/eciavatta/caronte/internal/core/connection_streams_controller.go:165.3,165.25 1 0
github.com/eciavatta/caronte/internal/core/connection_streams_controller.go:171.3,171.25 1 0
github.com/eciavatta/caronte/internal/core/connection_streams_controller.go:178.3,178.28 1 0
github.com/eciavatta/caronte/internal/core/connection_streams_controller.go:191.3,191.18 1 0
github.com/eciavatta/caronte/internal/core/connection_streams_controller.go:194.3,197.59 3 0
github.com/eciavatta/caronte/internal/core/connection_streams_controller.go:201.3,201.39 1 0
github.com/eciavatta/caronte/internal/core/connection_streams_controller.go:117.66,120.61 3 0
github.com/eciavatta/caronte/internal/core/connection_streams_controller.go:125.4,139.65 6 0
github.com/eciavatta/caronte/internal/core/connection_streams_controller.go:120.61,122.5 1 0
github.com/eciavatta/caronte/internal/core/connection_streams_controller.go:122.10,124.5 1 0
github.com/eciavatta/caronte/internal/core/connection_streams_controller.go:140.9,143.61 3 0
github.com/eciavatta/caronte/internal/core/connection_streams_controller.go:148.4,162.65 6 0
github.com/eciavatta/caronte/internal/core/connection_streams_controller.go:143.61,145.5 1 0
github.com/eciavatta/caronte/internal/core/connection_streams_controller.go:145.10,147.5 1 0
github.com/eciavatta/caronte/internal/core/connection_streams_controller.go:165.25,170.4 4 0
github.com/eciavatta/caronte/internal/core/connection_streams_controller.go:171.25,176.4 4 0
github.com/eciavatta/caronte/internal/core/connection_streams_controller.go:178.28,181.40 3 0
github.com/eciavatta/caronte/internal/core/connection_streams_controller.go:187.4,188.30 2 0
github.com/eciavatta/caronte/internal/core/connection_streams_controller.go:181.40,185.5 3 0
github.com/eciavatta/caronte/internal/core/connection_streams_controller.go:191.18,193.4 1 0
github.com/eciavatta/caronte/internal/core/connection_streams_controller.go:197.59,199.4 1 0
github.com/eciavatta/caronte/internal/core/connection_streams_controller.go:208.47,210.28 2 0
github.com/eciavatta/caronte/internal/core/connection_streams_controller.go:214.2,221.19 7 0
github.com/eciavatta/caronte/internal/core/connection_streams_controller.go:224.2,225.19 2 0
github.com/eciavatta/caronte/internal/core/connection_streams_controller.go:229.2,229.33 1 0
github.com/eciavatta/caronte/internal/core/connection_streams_controller.go:232.2,232.33 1 0
github.com/eciavatta/caronte/internal/core/connection_streams_controller.go:236.2,236.16 1 0
github.com/eciavatta/caronte/internal/core/connection_streams_controller.go:244.2,245.61 2 0
github.com/eciavatta/caronte/internal/core/connection_streams_controller.go:302.2,302.26 1 0
github.com/eciavatta/caronte/internal/core/connection_streams_controller.go:210.28,212.3 1 0
github.com/eciavatta/caronte/internal/core/connection_streams_controller.go:221.19,223.3 1 0
github.com/eciavatta/caronte/internal/core/connection_streams_controller.go:225.19,227.3 1 0
github.com/eciavatta/caronte/internal/core/connection_streams_controller.go:229.33,231.3 1 0
github.com/eciavatta/caronte/internal/core/connection_streams_controller.go:232.33,234.3 1 0
github.com/eciavatta/caronte/internal/core/connection_streams_controller.go:236.16,237.61 1 0
github.com/eciavatta/caronte/internal/core/connection_streams_controller.go:240.3,241.110 2 0
github.com/eciavatta/caronte/internal/core/connection_streams_controller.go:237.61,239.4 1 0
github.com/eciavatta/caronte/internal/core/connection_streams_controller.go:245.61,248.66 1 0
github.com/eciavatta/caronte/internal/core/connection_streams_controller.go:290.3,290.42 1 0
github.com/eciavatta/caronte/internal/core/connection_streams_controller.go:295.3,295.42 1 0
github.com/eciavatta/caronte/internal/core/connection_streams_controller.go:248.66,251.61 3 0
github.com/eciavatta/caronte/internal/core/connection_streams_controller.go:257.4,257.21 1 0
github.com/eciavatta/caronte/internal/core/connection_streams_controller.go:260.4,262.18 3 0
github.com/eciavatta/caronte/internal/core/connection_streams_controller.go:267.4,267.23 1 0
github.com/eciavatta/caronte/internal/core/connection_streams_controller.go:251.61,253.5 1 0
github.com/eciavatta/caronte/internal/core/connection_streams_controller.go:253.10,255.5 1 0
github.com/eciavatta/caronte/internal/core/connection_streams_controller.go:257.21,259.5 1 0
github.com/eciavatta/caronte/internal/core/connection_streams_controller.go:262.18,264.5 1 0
github.com/eciavatta/caronte/internal/core/connection_streams_controller.go:264.10,266.5 1 0
github.com/eciavatta/caronte/internal/core/connection_streams_controller.go:268.9,271.61 3 0
github.com/eciavatta/caronte/internal/core/connection_streams_controller.go:277.4,277.21 1 0
github.com/eciavatta/caronte/internal/core/connection_streams_controller.go:280.4,282.18 3 0
github.com/eciavatta/caronte/internal/core/connection_streams_controller.go:287.4,287.23 1 0
github.com/eciavatta/caronte/internal/core/connection_streams_controller.go:271.61,273.5 1 0
github.com/eciavatta/caronte/internal/core/connection_streams_controller.go:273.10,275.5 1 0
github.com/eciavatta/caronte/internal/core/connection_streams_controller.go:277.21,279.5 1 0
github.com/eciavatta/caronte/internal/core/connection_streams_controller.go:282.18,284.5 1 0
github.com/eciavatta/caronte/internal/core/connection_streams_controller.go:284.10,286.5 1 0
github.com/eciavatta/caronte/internal/core/connection_streams_controller.go:290.42,294.4 3 0
github.com/eciavatta/caronte/internal/core/connection_streams_controller.go:295.42,299.4 3 0
github.com/eciavatta/caronte/internal/core/connection_streams_controller.go:305.104,308.93 2 0
github.com/eciavatta/caronte/internal/core/connection_streams_controller.go:311.2,311.19 1 0
github.com/eciavatta/caronte/internal/core/connection_streams_controller.go:308.93,310.3 1 0
github.com/eciavatta/caronte/internal/core/connection_streams_controller.go:315.38,321.43 2 0
github.com/eciavatta/caronte/internal/core/connection_streams_controller.go:324.2,324.15 1 0
github.com/eciavatta/caronte/internal/core/connection_streams_controller.go:321.43,323.3 1 0
github.com/eciavatta/caronte/internal/core/connection_streams_controller.go:327.95,329.40 2 0
github.com/eciavatta/caronte/internal/core/connection_streams_controller.go:351.2,351.20 1 0
github.com/eciavatta/caronte/internal/core/connection_streams_controller.go:329.40,330.32 1 0
github.com/eciavatta/caronte/internal/core/connection_streams_controller.go:330.32,331.41 1 0
github.com/eciavatta/caronte/internal/core/connection_streams_controller.go:335.4,336.23 2 0
github.com/eciavatta/caronte/internal/core/connection_streams_controller.go:342.4,342.22 1 0
github.com/eciavatta/caronte/internal/core/connection_streams_controller.go:348.4,348.71 1 0
github.com/eciavatta/caronte/internal/core/connection_streams_controller.go:331.41,332.13 1 0
github.com/eciavatta/caronte/internal/core/connection_streams_controller.go:336.23,338.5 1 0
github.com/eciavatta/caronte/internal/core/connection_streams_controller.go:338.10,340.5 1 0
github.com/eciavatta/caronte/internal/core/connection_streams_controller.go:342.22,344.5 1 0
github.com/eciavatta/caronte/internal/core/connection_streams_controller.go:344.10,346.5 1 0
github.com/eciavatta/caronte/internal/core/connection_streams_controller.go:354.74,355.56 1 0
github.com/eciavatta/caronte/internal/core/connection_streams_controller.go:359.2,360.16 2 0
github.com/eciavatta/caronte/internal/core/connection_streams_controller.go:371.2,371.14 1 0
github.com/eciavatta/caronte/internal/core/connection_streams_controller.go:375.2,375.50 1 0
github.com/eciavatta/caronte/internal/core/connection_streams_controller.go:355.56,357.3 1 0
github.com/eciavatta/caronte/internal/core/connection_streams_controller.go:361.13,362.77 1 0
github.com/eciavatta/caronte/internal/core/connection_streams_controller.go:363.16,364.80 1 0
github.com/eciavatta/caronte/internal/core/connection_streams_controller.go:365.16,366.80 1 0
github.com/eciavatta/caronte/internal/core/connection_streams_controller.go:367.10,368.96 1 0
github.com/eciavatta/caronte/internal/core/connection_streams_controller.go:371.14,373.3 1 0
github.com/eciavatta/caronte/internal/core/connections_controller.go:93.64,99.2 1 6
github.com/eciavatta/caronte/internal/core/connections_controller.go:101.106,106.20 4 0
github.com/eciavatta/caronte/internal/core/connections_controller.go:109.2,110.18 2 0
github.com/eciavatta/caronte/internal/core/connections_controller.go:115.2,115.28 1 0
github.com/eciavatta/caronte/internal/core/connections_controller.go:118.2,118.35 1 0
github.com/eciavatta/caronte/internal/core/connections_controller.go:121.2,121.27 1 0
github.com/eciavatta/caronte/internal/core/connections_controller.go:124.2,124.28 1 0
github.com/eciavatta/caronte/internal/core/connections_controller.go:127.2,127.28 1 0
github.com/eciavatta/caronte/internal/core/connections_controller.go:130.2,130.25 1 0
github.com/eciavatta/caronte/internal/core/connections_controller.go:133.2,133.25 1 0
github.com/eciavatta/caronte/internal/core/connections_controller.go:136.2,136.29 1 0
github.com/eciavatta/caronte/internal/core/connections_controller.go:139.2,139.30 1 0
github.com/eciavatta/caronte/internal/core/connections_controller.go:142.2,142.28 1 0
github.com/eciavatta/caronte/internal/core/connections_controller.go:145.2,145.29 1 0
github.com/eciavatta/caronte/internal/core/connections_controller.go:148.2,148.19 1 0
github.com/eciavatta/caronte/internal/core/connections_controller.go:151.2,151.19 1 0
github.com/eciavatta/caronte/internal/core/connections_controller.go:154.2,154.64 1 0
github.com/eciavatta/caronte/internal/core/connections_controller.go:166.2,167.33 2 0
github.com/eciavatta/caronte/internal/core/connections_controller.go:173.2,174.55 2 0
github.com/eciavatta/caronte/internal/core/connections_controller.go:179.2,183.61 4 0
github.com/eciavatta/caronte/internal/core/connections_controller.go:194.2,195.27 2 0
github.com/eciavatta/caronte/internal/core/connections_controller.go:240.2,240.16 1 0
github.com/eciavatta/caronte/internal/core/connections_controller.go:244.2,244.24 1 0
github.com/eciavatta/caronte/internal/core/connections_controller.go:248.2,249.41 2 0
github.com/eciavatta/caronte/internal/core/connections_controller.go:255.2,255.18 1 0
github.com/eciavatta/caronte/internal/core/connections_controller.go:259.2,259.20 1 0
github.com/eciavatta/caronte/internal/core/connections_controller.go:106.20,108.3 1 0
github.com/eciavatta/caronte/internal/core/connections_controller.go:110.18,112.3 1 0
github.com/eciavatta/caronte/internal/core/connections_controller.go:112.8,114.3 1 0
github.com/eciavatta/caronte/internal/core/connections_controller.go:115.28,117.3 1 0
github.com/eciavatta/caronte/internal/core/connections_controller.go:118.35,120.3 1 0
github.com/eciavatta/caronte/internal/core/connections_controller.go:121.27,123.3 1 0
github.com/eciavatta/caronte/internal/core/connections_controller.go:124.28,126.3 1 0
github.com/eciavatta/caronte/internal/core/connections_controller.go:127.28,129.3 1 0
github.com/eciavatta/caronte/internal/core/connections_controller.go:130.25,132.3 1 0
github.com/eciavatta/caronte/internal/core/connections_controller.go:133.25,135.3 1 0
github.com/eciavatta/caronte/internal/core/connections_controller.go:136.29,138.3 1 0
github.com/eciavatta/caronte/internal/core/connections_controller.go:139.30,141.3 1 0
github.com/eciavatta/caronte/internal/core/connections_controller.go:142.28,144.3 1 0
github.com/eciavatta/caronte/internal/core/connections_controller.go:145.29,147.3 1 0
github.com/eciavatta/caronte/internal/core/connections_controller.go:148.19,150.3 1 0
github.com/eciavatta/caronte/internal/core/connections_controller.go:151.19,153.3 1 0
github.com/eciavatta/caronte/internal/core/connections_controller.go:154.64,156.44 2 0
github.com/eciavatta/caronte/internal/core/connections_controller.go:164.3,164.112 1 0
github.com/eciavatta/caronte/internal/core/connections_controller.go:156.44,157.49 1 0
github.com/eciavatta/caronte/internal/core/connections_controller.go:157.49,159.5 1 0
github.com/eciavatta/caronte/internal/core/connections_controller.go:159.10,161.5 1 0
github.com/eciavatta/caronte/internal/core/connections_controller.go:167.33,169.83 2 0
github.com/eciavatta/caronte/internal/core/connections_controller.go:169.83,171.4 1 0
github.com/eciavatta/caronte/internal/core/connections_controller.go:174.55,176.3 1 0
github.com/eciavatta/caronte/internal/core/connections_controller.go:176.8,178.3 1 0
github.com/eciavatta/caronte/internal/core/connections_controller.go:183.61,186.3 2 0
github.com/eciavatta/caronte/internal/core/connections_controller.go:186.8,186.74 1 0
github.com/eciavatta/caronte/internal/core/connections_controller.go:186.74,189.3 2 0
github.com/eciavatta/caronte/internal/core/connections_controller.go:189.8,189.74 1 0
github.com/eciavatta/caronte/internal/core/connections_controller.go:189.74,192.3 2 0
github.com/eciavatta/caronte/internal/core/connections_controller.go:195.27,196.64 1 0
github.com/eciavatta/caronte/internal/core/connections_controller.go:196.64,201.66 3 0
github.com/eciavatta/caronte/internal/core/connections_controller.go:217.4,217.66 1 0
github.com/eciavatta/caronte/internal/core/connections_controller.go:233.4,233.44 1 0
github.com/eciavatta/caronte/internal/core/connections_controller.go:201.66,215.5 1 0
github.com/eciavatta/caronte/internal/core/connections_controller.go:217.66,231.5 1 0
github.com/eciavatta/caronte/internal/core/connections_controller.go:233.44,233.68 1 0
github.com/eciavatta/caronte/internal/core/connections_controller.go:236.8,238.3 1 0
github.com/eciavatta/caronte/internal/core/connections_controller.go:240.16,242.3 1 0
github.com/eciavatta/caronte/internal/core/connections_controller.go:244.24,246.3 1 0
github.com/eciavatta/caronte/internal/core/connections_controller.go:249.41,250.76 1 0
github.com/eciavatta/caronte/internal/core/connections_controller.go:250.76,252.4 1 0
github.com/eciavatta/caronte/internal/core/connections_controller.go:255.18,257.3 1 0
github.com/eciavatta/caronte/internal/core/connections_controller.go:262.95,264.100 2 0
github.com/eciavatta/caronte/internal/core/connections_controller.go:268.2,268.44 1 0
github.com/eciavatta/caronte/internal/core/connections_controller.go:264.100,266.3 1 0
github.com/eciavatta/caronte/internal/core/connections_controller.go:271.90,273.2 1 0
github.com/eciavatta/caronte/internal/core/connections_controller.go:275.90,277.2 1 0
github.com/eciavatta/caronte/internal/core/connections_controller.go:279.94,281.2 1 0
github.com/eciavatta/caronte/internal/core/connections_controller.go:283.127,286.16 2 0
github.com/eciavatta/caronte/internal/core/connections_controller.go:289.2,289.16 1 0
github.com/eciavatta/caronte/internal/core/connections_controller.go:286.16,288.3 1 0
github.com/eciavatta/caronte/internal/core/connections_controller.go:293.63,298.34 3 0
github.com/eciavatta/caronte/internal/core/connections_controller.go:298.34,299.37 1 0
github.com/eciavatta/caronte/internal/core/connections_controller.go:299.37,301.71 2 0
github.com/eciavatta/caronte/internal/core/connections_controller.go:305.4,305.16 1 0
github.com/eciavatta/caronte/internal/core/connections_controller.go:301.71,304.5 2 0
github.com/eciavatta/caronte/internal/core/connections_controller.go:307.8,307.41 1 0
github.com/eciavatta/caronte/internal/core/connections_controller.go:307.41,308.37 1 0
github.com/eciavatta/caronte/internal/core/connections_controller.go:308.37,310.71 2 0
github.com/eciavatta/caronte/internal/core/connections_controller.go:314.4,314.16 1 0
github.com/eciavatta/caronte/internal/core/connections_controller.go:310.71,313.5 2 0
github.com/eciavatta/caronte/internal/core/connections_controller.go:316.8,317.37 1 0
github.com/eciavatta/caronte/internal/core/connections_controller.go:317.37,320.69 2 0
github.com/eciavatta/caronte/internal/core/connections_controller.go:324.4,324.16 1 0
github.com/eciavatta/caronte/internal/core/connections_controller.go:320.69,323.5 2 0
github.com/eciavatta/caronte/internal/core/connections_controller.go:329.74,335.2 1 0
github.com/eciavatta/caronte/internal/core/connections_controller.go:337.74,343.2 1 0
github.com/eciavatta/caronte/internal/core/connections_controller.go:345.64,346.42 1 0
github.com/eciavatta/caronte/internal/core/connections_controller.go:350.2,350.20 1 0
github.com/eciavatta/caronte/internal/core/connections_controller.go:346.42,349.3 2 0
github.com/eciavatta/caronte/internal/core/statistics_controller.go:52.68,58.2 1 6
github.com/eciavatta/caronte/internal/core/statistics_controller.go:60.115,63.32 3 0
github.com/eciavatta/caronte/internal/core/statistics_controller.go:66.2,66.30 1 0
github.com/eciavatta/caronte/internal/core/statistics_controller.go:69.2,69.36 1 0
github.com/eciavatta/caronte/internal/core/statistics_controller.go:77.2,77.51 1 0
github.com/eciavatta/caronte/internal/core/statistics_controller.go:84.2,84.41 1 0
github.com/eciavatta/caronte/internal/core/statistics_controller.go:90.2,90.54 1 0
github.com/eciavatta/caronte/internal/core/statistics_controller.go:96.2,96.53 1 0
github.com/eciavatta/caronte/internal/core/statistics_controller.go:100.2,100.29 1 0
github.com/eciavatta/caronte/internal/core/statistics_controller.go:104.2,104.34 1 0
github.com/eciavatta/caronte/internal/core/statistics_controller.go:108.2,108.25 1 0
github.com/eciavatta/caronte/internal/core/statistics_controller.go:63.32,65.3 1 0
github.com/eciavatta/caronte/internal/core/statistics_controller.go:66.30,68.3 1 0
github.com/eciavatta/caronte/internal/core/statistics_controller.go:69.36,70.45 1 0
github.com/eciavatta/caronte/internal/core/statistics_controller.go:70.45,71.54 1 0
github.com/eciavatta/caronte/internal/core/statistics_controller.go:71.54,73.5 1 0
github.com/eciavatta/caronte/internal/core/statistics_controller.go:77.51,78.45 1 0
github.com/eciavatta/caronte/internal/core/statistics_controller.go:78.45,79.31 1 0
github.com/eciavatta/caronte/internal/core/statistics_controller.go:79.31,81.5 1 0
github.com/eciavatta/caronte/internal/core/statistics_controller.go:84.41,85.62 1 0
github.com/eciavatta/caronte/internal/core/statistics_controller.go:85.62,87.4 1 0
github.com/eciavatta/caronte/internal/core/statistics_controller.go:90.54,91.39 1 0
github.com/eciavatta/caronte/internal/core/statistics_controller.go:91.39,93.4 1 0
github.com/eciavatta/caronte/internal/core/statistics_controller.go:96.53,99.3 2 0
github.com/eciavatta/caronte/internal/core/statistics_controller.go:100.29,102.3 1 0
github.com/eciavatta/caronte/internal/core/statistics_controller.go:104.34,106.3 1 0
github.com/eciavatta/caronte/internal/core/statistics_controller.go:111.118,115.35 3 0
github.com/eciavatta/caronte/internal/core/statistics_controller.go:119.2,122.57 3 0
github.com/eciavatta/caronte/internal/core/statistics_controller.go:125.2,125.57 1 0
github.com/eciavatta/caronte/internal/core/statistics_controller.go:128.2,128.57 1 0
github.com/eciavatta/caronte/internal/core/statistics_controller.go:131.2,131.56 1 0
github.com/eciavatta/caronte/internal/core/statistics_controller.go:134.2,134.54 1 0
github.com/eciavatta/caronte/internal/core/statistics_controller.go:137.2,137.48 1 0
github.com/eciavatta/caronte/internal/core/statistics_controller.go:141.2,141.86 1 0
github.com/eciavatta/caronte/internal/core/statistics_controller.go:150.2,150.90 1 0
github.com/eciavatta/caronte/internal/core/statistics_controller.go:159.2,159.45 1 0
github.com/eciavatta/caronte/internal/core/statistics_controller.go:168.2,168.19 1 0
github.com/eciavatta/caronte/internal/core/statistics_controller.go:115.35,117.3 1 0
github.com/eciavatta/caronte/internal/core/statistics_controller.go:122.57,124.3 1 0
github.com/eciavatta/caronte/internal/core/statistics_controller.go:125.57,127.3 1 0
github.com/eciavatta/caronte/internal/core/statistics_controller.go:128.57,130.3 1 0
github.com/eciavatta/caronte/internal/core/statistics_controller.go:131.56,133.3 1 0
github.com/eciavatta/caronte/internal/core/statistics_controller.go:134.54,136.3 1 0
github.com/eciavatta/caronte/internal/core/statistics_controller.go:137.48,139.3 1 0
github.com/eciavatta/caronte/internal/core/statistics_controller.go:141.86,142.42 1 0
github.com/eciavatta/caronte/internal/core/statistics_controller.go:145.3,145.28 1 0
github.com/eciavatta/caronte/internal/core/statistics_controller.go:142.42,144.4 1 0
github.com/eciavatta/caronte/internal/core/statistics_controller.go:145.28,147.4 1 0
github.com/eciavatta/caronte/internal/core/statistics_controller.go:150.90,151.42 1 0
github.com/eciavatta/caronte/internal/core/statistics_controller.go:154.3,154.28 1 0
github.com/eciavatta/caronte/internal/core/statistics_controller.go:151.42,153.4 1 0
github.com/eciavatta/caronte/internal/core/statistics_controller.go:154.28,156.4 1 0
github.com/eciavatta/caronte/internal/core/statistics_controller.go:159.45,166.3 6 0
github.com/eciavatta/caronte/internal/core/stream_handler.go:62.122,77.16 3 2004
github.com/eciavatta/caronte/internal/core/stream_handler.go:80.2,82.16 2 2004
github.com/eciavatta/caronte/internal/core/stream_handler.go:77.16,79.3 1 0
github.com/eciavatta/caronte/internal/core/stream_handler.go:86.75,87.31 1 2004
github.com/eciavatta/caronte/internal/core/stream_handler.go:87.31,91.14 3 14290
github.com/eciavatta/caronte/internal/core/stream_handler.go:94.3,94.12 1 14290
github.com/eciavatta/caronte/internal/core/stream_handler.go:98.3,99.25 2 14290
github.com/eciavatta/caronte/internal/core/stream_handler.go:102.3,102.40 1 12289
github.com/eciavatta/caronte/internal/core/stream_handler.go:106.3,106.83 1 12289
github.com/eciavatta/caronte/internal/core/stream_handler.go:110.3,111.17 2 12289
github.com/eciavatta/caronte/internal/core/stream_handler.go:115.3,121.30 6 12289
github.com/eciavatta/caronte/internal/core/stream_handler.go:91.14,93.4 1 2004
github.com/eciavatta/caronte/internal/core/stream_handler.go:94.12,96.4 1 2004
github.com/eciavatta/caronte/internal/core/stream_handler.go:99.25,100.12 1 2001
github.com/eciavatta/caronte/internal/core/stream_handler.go:102.40,104.4 1 0
github.com/eciavatta/caronte/internal/core/stream_handler.go:106.83,109.4 2 1
github.com/eciavatta/caronte/internal/core/stream_handler.go:111.17,113.12 2 0
github.com/eciavatta/caronte/internal/core/stream_handler.go:121.30,123.18 2 12289
github.com/eciavatta/caronte/internal/core/stream_handler.go:123.18,125.5 1 0
github.com/eciavatta/caronte/internal/core/stream_handler.go:131.47,132.29 1 2004
github.com/eciavatta/caronte/internal/core/stream_handler.go:139.2,139.25 1 2004
github.com/eciavatta/caronte/internal/core/stream_handler.go:143.2,143.68 1 2004
github.com/eciavatta/caronte/internal/core/stream_handler.go:149.2,151.28 2 2004
github.com/eciavatta/caronte/internal/core/stream_handler.go:132.29,134.17 2 2004
github.com/eciavatta/caronte/internal/core/stream_handler.go:134.17,136.4 1 0
github.com/eciavatta/caronte/internal/core/stream_handler.go:139.25,141.3 1 3
github.com/eciavatta/caronte/internal/core/stream_handler.go:143.68,145.3 1 3
github.com/eciavatta/caronte/internal/core/stream_handler.go:145.8,145.26 1 2001
github.com/eciavatta/caronte/internal/core/stream_handler.go:145.26,147.3 1 0
github.com/eciavatta/caronte/internal/core/stream_handler.go:154.49,160.35 5 1
github.com/eciavatta/caronte/internal/core/stream_handler.go:160.35,162.3 1 0
github.com/eciavatta/caronte/internal/core/stream_handler.go:165.96,167.15 2 13
github.com/eciavatta/caronte/internal/core/stream_handler.go:183.2,183.12 1 7
github.com/eciavatta/caronte/internal/core/stream_handler.go:167.15,168.29 1 10
github.com/eciavatta/caronte/internal/core/stream_handler.go:176.3,176.72 1 4
github.com/eciavatta/caronte/internal/core/stream_handler.go:168.29,170.30 2 10
github.com/eciavatta/caronte/internal/core/stream_handler.go:170.30,173.5 2 6
github.com/eciavatta/caronte/internal/core/stream_handler.go:177.8,181.3 3 3
github.com/eciavatta/caronte/internal/core/stream_handler.go:186.51,204.18 5 4
github.com/eciavatta/caronte/internal/core/stream_handler.go:204.18,206.3 1 0
github.com/eciavatta/caronte/internal/core/stream_handler.go:206.8,208.3 1 4
github.com/eciavatta/caronte/internal/core/application_context.go:53.93,58.37 2 6
github.com/eciavatta/caronte/internal/core/application_context.go:61.2,66.39 2 6
github.com/eciavatta/caronte/internal/core/application_context.go:69.2,69.37 1 6
github.com/eciavatta/caronte/internal/core/application_context.go:73.2,80.32 2 6
github.com/eciavatta/caronte/internal/core/application_context.go:58.37,60.3 1 0
github.com/eciavatta/caronte/internal/core/application_context.go:66.39,68.3 1 0
github.com/eciavatta/caronte/internal/core/application_context.go:69.37,71.3 1 5
github.com/eciavatta/caronte/internal/core/application_context.go:83.56,88.111 4 7
github.com/eciavatta/caronte/internal/core/application_context.go:88.111,90.3 1 0
github.com/eciavatta/caronte/internal/core/application_context.go:93.66,97.117 3 7
github.com/eciavatta/caronte/internal/core/application_context.go:97.117,99.3 1 0
github.com/eciavatta/caronte/internal/core/application_context.go:102.104,104.2 1 6
github.com/eciavatta/caronte/internal/core/application_context.go:106.43,107.21 1 8
github.com/eciavatta/caronte/internal/core/application_context.go:110.2,110.64 1 6
github.com/eciavatta/caronte/internal/core/application_context.go:113.2,114.22 2 6
github.com/eciavatta/caronte/internal/core/application_context.go:118.2,119.16 2 6
github.com/eciavatta/caronte/internal/core/application_context.go:122.2,129.24 8 6
github.com/eciavatta/caronte/internal/core/application_context.go:107.21,109.3 1 2
github.com/eciavatta/caronte/internal/core/application_context.go:110.64,112.3 1 0
github.com/eciavatta/caronte/internal/core/application_context.go:114.22,116.3 1 0
github.com/eciavatta/caronte/internal/core/application_context.go:119.16,121.3 1 0
github.com/eciavatta/caronte/internal/core/application_context.go:132.47,138.2 1 0
github.com/eciavatta/caronte/internal/core/application_router.go:35.103,43.108 6 4
github.com/eciavatta/caronte/internal/core/application_router.go:49.2,49.45 1 4
github.com/eciavatta/caronte/internal/core/application_router.go:72.2,72.41 1 4
github.com/eciavatta/caronte/internal/core/application_router.go:78.2,81.2 4 4
github.com/eciavatta/caronte/internal/core/application_router.go:538.2,538.15 1 4
github.com/eciavatta/caronte/internal/core/application_router.go:43.108,44.41 1 24
github.com/eciavatta/caronte/internal/core/application_router.go:44.41,46.4 1 0
github.com/eciavatta/caronte/internal/core/application_router.go:49.45,50.38 1 7
github.com/eciavatta/caronte/internal/core/application_router.go:55.3,60.53 2 6
github.com/eciavatta/caronte/internal/core/application_router.go:65.3,69.50 4 4
github.com/eciavatta/caronte/internal/core/application_router.go:50.38,53.4 2 1
github.com/eciavatta/caronte/internal/core/application_router.go:60.53,63.4 2 2
github.com/eciavatta/caronte/internal/core/application_router.go:72.41,73.89 1 0
github.com/eciavatta/caronte/internal/core/application_router.go:73.89,75.4 1 0
github.com/eciavatta/caronte/internal/core/application_router.go:81.2,82.43 1 4
github.com/eciavatta/caronte/internal/core/application_router.go:86.3,86.42 1 4
github.com/eciavatta/caronte/internal/core/application_router.go:90.3,90.43 1 4
github.com/eciavatta/caronte/internal/core/application_router.go:107.3,107.46 1 4
github.com/eciavatta/caronte/internal/core/application_router.go:122.3,122.46 1 4
github.com/eciavatta/caronte/internal/core/application_router.go:146.3,146.49 1 4
github.com/eciavatta/caronte/internal/core/application_router.go:168.3,168.47 1 4
github.com/eciavatta/caronte/internal/core/application_router.go:202.3,202.50 1 4
github.com/eciavatta/caronte/internal/core/application_router.go:219.3,219.47 1 4
github.com/eciavatta/caronte/internal/core/application_router.go:230.3,230.62 1 4
github.com/eciavatta/caronte/internal/core/application_router.go:238.3,238.53 1 4
github.com/eciavatta/caronte/internal/core/application_router.go:252.3,252.51 1 4
github.com/eciavatta/caronte/internal/core/application_router.go:274.3,274.63 1 4
github.com/eciavatta/caronte/internal/core/application_router.go:288.3,288.50 1 4
github.com/eciavatta/caronte/internal/core/application_router.go:292.3,292.54 1 4
github.com/eciavatta/caronte/internal/core/application_router.go:305.3,305.63 1 4
github.com/eciavatta/caronte/internal/core/application_router.go:324.3,324.57 1 4
github.com/eciavatta/caronte/internal/core/application_router.go:339.3,339.48 1 4
github.com/eciavatta/caronte/internal/core/application_router.go:348.3,348.52 1 4
github.com/eciavatta/caronte/internal/core/application_router.go:360.3,360.61 1 4
github.com/eciavatta/caronte/internal/core/application_router.go:400.3,400.45 1 4
github.com/eciavatta/caronte/internal/core/application_router.go:404.3,404.54 1 4
github.com/eciavatta/caronte/internal/core/application_router.go:439.3,439.48 1 4
github.com/eciavatta/caronte/internal/core/application_router.go:458.3,458.57 1 4
github.com/eciavatta/caronte/internal/core/application_router.go:477.3,477.45 1 4
github.com/eciavatta/caronte/internal/core/application_router.go:481.3,481.45 1 4
github.com/eciavatta/caronte/internal/core/application_router.go:495.3,495.48 1 4
github.com/eciavatta/caronte/internal/core/application_router.go:509.3,509.47 1 4
github.com/eciavatta/caronte/internal/core/application_router.go:519.3,519.54 1 4
github.com/eciavatta/caronte/internal/core/application_router.go:529.3,529.53 1 4
github.com/eciavatta/caronte/internal/core/application_router.go:533.3,533.54 1 4
github.com/eciavatta/caronte/internal/core/application_router.go:82.43,84.4 1 0
github.com/eciavatta/caronte/internal/core/application_router.go:86.42,88.4 1 2
github.com/eciavatta/caronte/internal/core/application_router.go:90.43,93.50 2 6
github.com/eciavatta/caronte/internal/core/application_router.go:98.4,98.79 1 3
github.com/eciavatta/caronte/internal/core/application_router.go:93.50,96.5 2 3
github.com/eciavatta/caronte/internal/core/application_router.go:98.79,100.5 1 1
github.com/eciavatta/caronte/internal/core/application_router.go:100.10,104.5 3 2
github.com/eciavatta/caronte/internal/core/application_router.go:107.46,110.18 3 3
github.com/eciavatta/caronte/internal/core/application_router.go:114.4,115.14 2 2
github.com/eciavatta/caronte/internal/core/application_router.go:110.18,113.5 2 1
github.com/eciavatta/caronte/internal/core/application_router.go:115.14,117.5 1 1
github.com/eciavatta/caronte/internal/core/application_router.go:117.10,119.5 1 1
github.com/eciavatta/caronte/internal/core/application_router.go:122.46,125.18 3 6
github.com/eciavatta/caronte/internal/core/application_router.go:129.4,130.50 2 5
github.com/eciavatta/caronte/internal/core/application_router.go:135.4,136.18 2 3
github.com/eciavatta/caronte/internal/core/application_router.go:125.18,128.5 2 1
github.com/eciavatta/caronte/internal/core/application_router.go:130.50,133.5 2 2
github.com/eciavatta/caronte/internal/core/application_router.go:136.18,138.5 1 1
github.com/eciavatta/caronte/internal/core/application_router.go:138.10,138.25 1 2
github.com/eciavatta/caronte/internal/core/application_router.go:138.25,140.5 1 1
github.com/eciavatta/caronte/internal/core/application_router.go:140.10,143.5 2 1
github.com/eciavatta/caronte/internal/core/application_router.go:146.49,148.18 2 0
github.com/eciavatta/caronte/internal/core/application_router.go:152.4,155.91 4 0
github.com/eciavatta/caronte/internal/core/application_router.go:159.4,159.100 1 0
github.com/eciavatta/caronte/internal/core/application_router.go:148.18,151.5 2 0
github.com/eciavatta/caronte/internal/core/application_router.go:155.91,157.5 1 0
github.com/eciavatta/caronte/internal/core/application_router.go:159.100,161.5 1 0
github.com/eciavatta/caronte/internal/core/application_router.go:161.10,165.5 3 0
github.com/eciavatta/caronte/internal/core/application_router.go:168.47,175.53 2 4
github.com/eciavatta/caronte/internal/core/application_router.go:179.4,179.33 1 3
github.com/eciavatta/caronte/internal/core/application_router.go:184.4,185.83 2 2
github.com/eciavatta/caronte/internal/core/application_router.go:188.4,188.108 1 2
github.com/eciavatta/caronte/internal/core/application_router.go:175.53,178.5 2 1
github.com/eciavatta/caronte/internal/core/application_router.go:179.33,182.5 2 1
github.com/eciavatta/caronte/internal/core/application_router.go:185.83,187.5 1 0
github.com/eciavatta/caronte/internal/core/application_router.go:188.108,189.35 1 1
github.com/eciavatta/caronte/internal/core/application_router.go:194.5,194.32 1 1
github.com/eciavatta/caronte/internal/core/application_router.go:189.35,190.52 1 0
github.com/eciavatta/caronte/internal/core/application_router.go:190.52,192.7 1 0
github.com/eciavatta/caronte/internal/core/application_router.go:195.10,199.5 3 1
github.com/eciavatta/caronte/internal/core/application_router.go:202.50,204.60 2 0
github.com/eciavatta/caronte/internal/core/application_router.go:209.4,209.92 1 0
github.com/eciavatta/caronte/internal/core/application_router.go:214.4,216.60 3 0
github.com/eciavatta/caronte/internal/core/application_router.go:204.60,207.5 2 0
github.com/eciavatta/caronte/internal/core/application_router.go:209.92,212.5 2 0
github.com/eciavatta/caronte/internal/core/application_router.go:219.47,220.72 1 0
github.com/eciavatta/caronte/internal/core/application_router.go:225.4,227.59 3 0
github.com/eciavatta/caronte/internal/core/application_router.go:220.72,223.5 2 0
github.com/eciavatta/caronte/internal/core/application_router.go:230.62,231.87 1 0
github.com/eciavatta/caronte/internal/core/application_router.go:231.87,233.5 1 0
github.com/eciavatta/caronte/internal/core/application_router.go:233.10,235.5 1 0
github.com/eciavatta/caronte/internal/core/application_router.go:238.53,243.53 2 0
github.com/eciavatta/caronte/internal/core/application_router.go:248.4,249.48 2 0
github.com/eciavatta/caronte/internal/core/application_router.go:243.53,246.5 2 0
github.com/eciavatta/caronte/internal/core/application_router.go:252.51,258.53 2 0
github.com/eciavatta/caronte/internal/core/application_router.go:263.4,264.41 1 0
github.com/eciavatta/caronte/internal/core/application_router.go:269.4,271.61 3 0
github.com/eciavatta/caronte/internal/core/application_router.go:258.53,261.5 2 0
github.com/eciavatta/caronte/internal/core/application_router.go:264.41,267.5 2 0
github.com/eciavatta/caronte/internal/core/application_router.go:274.63,276.55 2 0
github.com/eciavatta/caronte/internal/core/application_router.go:281.4,281.102 1 0
github.com/eciavatta/caronte/internal/core/application_router.go:276.55,279.5 2 0
github.com/eciavatta/caronte/internal/core/application_router.go:281.102,283.5 1 0
github.com/eciavatta/caronte/internal/core/application_router.go:283.10,285.5 1 0
github.com/eciavatta/caronte/internal/core/application_router.go:288.50,290.4 1 1
github.com/eciavatta/caronte/internal/core/application_router.go:292.54,294.18 2 1
github.com/eciavatta/caronte/internal/core/application_router.go:298.4,298.94 1 1
github.com/eciavatta/caronte/internal/core/application_router.go:294.18,297.5 2 0
github.com/eciavatta/caronte/internal/core/application_router.go:298.94,300.5 1 1
github.com/eciavatta/caronte/internal/core/application_router.go:300.10,302.5 1 0
github.com/eciavatta/caronte/internal/core/application_router.go:305.63,307.18 2 0
github.com/eciavatta/caronte/internal/core/application_router.go:311.4,311.88 1 0
github.com/eciavatta/caronte/internal/core/application_router.go:307.18,310.5 2 0
github.com/eciavatta/caronte/internal/core/application_router.go:311.88,312.62 1 0
github.com/eciavatta/caronte/internal/core/application_router.go:312.62,314.6 1 0
github.com/eciavatta/caronte/internal/core/application_router.go:314.11,314.71 1 0
github.com/eciavatta/caronte/internal/core/application_router.go:314.71,316.6 1 0
github.com/eciavatta/caronte/internal/core/application_router.go:316.11,318.6 1 0
github.com/eciavatta/caronte/internal/core/application_router.go:319.10,321.5 1 0
github.com/eciavatta/caronte/internal/core/application_router.go:324.57,326.18 2 2
github.com/eciavatta/caronte/internal/core/application_router.go:330.4,331.88 2 2
github.com/eciavatta/caronte/internal/core/application_router.go:326.18,329.5 2 0
github.com/eciavatta/caronte/internal/core/application_router.go:331.88,334.5 2 1
github.com/eciavatta/caronte/internal/core/application_router.go:334.10,336.5 1 1
github.com/eciavatta/caronte/internal/core/application_router.go:339.48,341.53 2 0
github.com/eciavatta/caronte/internal/core/application_router.go:345.4,345.82 1 0
github.com/eciavatta/caronte/internal/core/application_router.go:341.53,344.5 2 0
github.com/eciavatta/caronte/internal/core/application_router.go:348.52,349.58 1 0
github.com/eciavatta/caronte/internal/core/application_router.go:349.58,351.5 1 0
github.com/eciavatta/caronte/internal/core/application_router.go:351.10,352.106 1 0
github.com/eciavatta/caronte/internal/core/application_router.go:352.106,354.6 1 0
github.com/eciavatta/caronte/internal/core/application_router.go:354.11,356.6 1 0
github.com/eciavatta/caronte/internal/core/application_router.go:360.61,362.18 2 0
github.com/eciavatta/caronte/internal/core/application_router.go:367.4,368.47 2 0
github.com/eciavatta/caronte/internal/core/application_router.go:391.4,391.14 1 0
github.com/eciavatta/caronte/internal/core/application_router.go:362.18,365.5 2 0
github.com/eciavatta/caronte/internal/core/application_router.go:369.16,370.77 1 0
github.com/eciavatta/caronte/internal/core/application_router.go:371.16,372.78 1 0
github.com/eciavatta/caronte/internal/core/application_router.go:373.16,374.77 1 0
github.com/eciavatta/caronte/internal/core/application_router.go:375.18,376.78 1 0
github.com/eciavatta/caronte/internal/core/application_router.go:377.19,381.54 2 0
github.com/eciavatta/caronte/internal/core/application_router.go:385.5,385.89 1 0
github.com/eciavatta/caronte/internal/core/application_router.go:386.12,388.11 2 0
github.com/eciavatta/caronte/internal/core/application_router.go:381.54,384.6 2 0
github.com/eciavatta/caronte/internal/core/application_router.go:391.14,395.5 3 0
github.com/eciavatta/caronte/internal/core/application_router.go:395.10,397.5 1 0
github.com/eciavatta/caronte/internal/core/application_router.go:400.45,402.4 1 0
github.com/eciavatta/caronte/internal/core/application_router.go:404.54,407.53 2 0
github.com/eciavatta/caronte/internal/core/application_router.go:413.4,414.67 2 0
github.com/eciavatta/caronte/internal/core/application_router.go:417.4,417.36 1 0
github.com/eciavatta/caronte/internal/core/application_router.go:425.4,425.37 1 0
github.com/eciavatta/caronte/internal/core/application_router.go:431.4,431.30 1 0
github.com/eciavatta/caronte/internal/core/application_router.go:436.4,436.77 1 0
github.com/eciavatta/caronte/internal/core/application_router.go:407.53,410.5 2 0
github.com/eciavatta/caronte/internal/core/application_router.go:414.67,416.5 1 0
github.com/eciavatta/caronte/internal/core/application_router.go:417.36,418.84 1 0
github.com/eciavatta/caronte/internal/core/application_router.go:421.5,421.87 1 0
github.com/eciavatta/caronte/internal/core/application_router.go:418.84,420.6 1 0
github.com/eciavatta/caronte/internal/core/application_router.go:421.87,423.6 1 0
github.com/eciavatta/caronte/internal/core/application_router.go:425.37,426.86 1 0
github.com/eciavatta/caronte/internal/core/application_router.go:426.86,428.6 1 0
github.com/eciavatta/caronte/internal/core/application_router.go:431.30,434.5 2 0
github.com/eciavatta/caronte/internal/core/application_router.go:439.48,441.18 2 0
github.com/eciavatta/caronte/internal/core/application_router.go:445.4,446.53 2 0
github.com/eciavatta/caronte/internal/core/application_router.go:451.4,451.118 1 0
github.com/eciavatta/caronte/internal/core/application_router.go:441.18,444.5 2 0
github.com/eciavatta/caronte/internal/core/application_router.go:446.53,449.5 2 0
github.com/eciavatta/caronte/internal/core/application_router.go:451.118,453.5 1 0
github.com/eciavatta/caronte/internal/core/application_router.go:453.10,455.5 1 0
github.com/eciavatta/caronte/internal/core/application_router.go:458.57,460.18 2 0
github.com/eciavatta/caronte/internal/core/application_router.go:464.4,465.53 2 0
github.com/eciavatta/caronte/internal/core/application_router.go:470.4,470.119 1 0
github.com/eciavatta/caronte/internal/core/application_router.go:460.18,463.5 2 0
github.com/eciavatta/caronte/internal/core/application_router.go:465.53,468.5 2 0
github.com/eciavatta/caronte/internal/core/application_router.go:470.119,472.5 1 0
github.com/eciavatta/caronte/internal/core/application_router.go:472.10,474.5 1 0
github.com/eciavatta/caronte/internal/core/application_router.go:477.45,479.4 1 0
github.com/eciavatta/caronte/internal/core/application_router.go:481.45,483.53 2 0
github.com/eciavatta/caronte/internal/core/application_router.go:487.4,487.87 1 0
github.com/eciavatta/caronte/internal/core/application_router.go:483.53,486.5 2 0
github.com/eciavatta/caronte/internal/core/application_router.go:487.87,490.5 2 0
github.com/eciavatta/caronte/internal/core/application_router.go:490.10,492.5 1 0
github.com/eciavatta/caronte/internal/core/application_router.go:495.48,497.53 2 0
github.com/eciavatta/caronte/internal/core/application_router.go:501.4,501.90 1 0
github.com/eciavatta/caronte/internal/core/application_router.go:497.53,500.5 2 0
github.com/eciavatta/caronte/internal/core/application_router.go:501.90,504.5 2 0
github.com/eciavatta/caronte/internal/core/application_router.go:504.10,506.5 1 0
github.com/eciavatta/caronte/internal/core/application_router.go:509.47,511.53 2 0
github.com/eciavatta/caronte/internal/core/application_router.go:516.4,516.80 1 0
github.com/eciavatta/caronte/internal/core/application_router.go:511.53,514.5 2 0
github.com/eciavatta/caronte/internal/core/application_router.go:519.54,521.53 2 0
github.com/eciavatta/caronte/internal/core/application_router.go:526.4,526.85 1 0
github.com/eciavatta/caronte/internal/core/application_router.go:521.53,524.5 2 0
github.com/eciavatta/caronte/internal/core/application_router.go:529.53,531.4 1 0
github.com/eciavatta/caronte/internal/core/application_router.go:533.54,535.4 1 0
github.com/eciavatta/caronte/internal/core/application_router.go:541.86,542.30 1 4
github.com/eciavatta/caronte/internal/core/application_router.go:542.30,543.39 1 27
github.com/eciavatta/caronte/internal/core/application_router.go:543.39,548.4 1 1
github.com/eciavatta/caronte/internal/core/application_router.go:548.9,550.4 1 26
github.com/eciavatta/caronte/internal/core/application_router.go:554.85,555.30 1 4
github.com/eciavatta/caronte/internal/core/application_router.go:555.30,556.46 1 26
github.com/eciavatta/caronte/internal/core/application_router.go:561.3,561.48 1 1
github.com/eciavatta/caronte/internal/core/application_router.go:556.46,559.4 2 25
github.com/eciavatta/caronte/internal/core/application_router.go:565.47,567.2 1 8
github.com/eciavatta/caronte/internal/core/application_router.go:569.44,588.2 1 12
github.com/eciavatta/caronte/internal/core/application_router.go:590.53,592.2 1 2
github.com/eciavatta/caronte/internal/core/application_router.go:594.48,596.2 1 3
github.com/eciavatta/caronte/internal/core/application_router.go:598.45,600.2 1 0
github.com/eciavatta/caronte/internal/core/pcap_importer.go:108.63,113.69 3 6
github.com/eciavatta/caronte/internal/core/pcap_importer.go:116.2,117.33 2 6
github.com/eciavatta/caronte/internal/core/pcap_importer.go:121.2,136.21 3 6
github.com/eciavatta/caronte/internal/core/pcap_importer.go:113.69,115.3 1 0
github.com/eciavatta/caronte/internal/core/pcap_importer.go:117.33,119.3 1 0
github.com/eciavatta/caronte/internal/core/pcap_importer.go:143.83,144.32 1 6
github.com/eciavatta/caronte/internal/core/pcap_importer.go:152.2,153.16 2 6
github.com/eciavatta/caronte/internal/core/pcap_importer.go:158.2,160.38 3 6
github.com/eciavatta/caronte/internal/core/pcap_importer.go:166.2,166.15 1 6
github.com/eciavatta/caronte/internal/core/pcap_importer.go:172.2,173.16 2 4
github.com/eciavatta/caronte/internal/core/pcap_importer.go:179.2,186.67 6 4
github.com/eciavatta/caronte/internal/core/pcap_importer.go:195.2,195.24 1 4
github.com/eciavatta/caronte/internal/core/pcap_importer.go:145.15,145.15 0 6
github.com/eciavatta/caronte/internal/core/pcap_importer.go:146.17,146.17 0 0
github.com/eciavatta/caronte/internal/core/pcap_importer.go:147.10,149.60 2 0
github.com/eciavatta/caronte/internal/core/pcap_importer.go:153.16,156.3 2 0
github.com/eciavatta/caronte/internal/core/pcap_importer.go:160.38,161.27 1 2
github.com/eciavatta/caronte/internal/core/pcap_importer.go:161.27,163.9 2 2
github.com/eciavatta/caronte/internal/core/pcap_importer.go:166.15,170.3 3 2
github.com/eciavatta/caronte/internal/core/pcap_importer.go:173.16,177.3 3 0
github.com/eciavatta/caronte/internal/core/pcap_importer.go:186.67,188.15 2 4
github.com/eciavatta/caronte/internal/core/pcap_importer.go:188.15,190.4 1 2
github.com/eciavatta/caronte/internal/core/pcap_importer.go:190.9,192.4 1 2
github.com/eciavatta/caronte/internal/core/pcap_importer.go:198.80,202.33 3 0
github.com/eciavatta/caronte/internal/core/pcap_importer.go:206.2,207.16 2 0
github.com/eciavatta/caronte/internal/core/pcap_importer.go:211.2,211.80 1 0
github.com/eciavatta/caronte/internal/core/pcap_importer.go:215.2,217.52 3 0
github.com/eciavatta/caronte/internal/core/pcap_importer.go:221.2,221.12 1 0
github.com/eciavatta/caronte/internal/core/pcap_importer.go:202.33,204.3 1 0
github.com/eciavatta/caronte/internal/core/pcap_importer.go:207.16,209.3 1 0
github.com/eciavatta/caronte/internal/core/pcap_importer.go:211.80,213.3 1 0
github.com/eciavatta/caronte/internal/core/pcap_importer.go:217.52,219.3 1 0
github.com/eciavatta/caronte/internal/core/pcap_importer.go:224.45,228.33 3 0
github.com/eciavatta/caronte/internal/core/pcap_importer.go:232.2,236.12 4 0
github.com/eciavatta/caronte/internal/core/pcap_importer.go:228.33,230.3 1 0
github.com/eciavatta/caronte/internal/core/pcap_importer.go:239.60,241.16 2 1
github.com/eciavatta/caronte/internal/core/pcap_importer.go:245.2,246.21 2 1
github.com/eciavatta/caronte/internal/core/pcap_importer.go:250.2,250.24 1 1
github.com/eciavatta/caronte/internal/core/pcap_importer.go:241.16,243.3 1 0
github.com/eciavatta/caronte/internal/core/pcap_importer.go:246.21,248.3 1 16
github.com/eciavatta/caronte/internal/core/pcap_importer.go:253.102,257.33 3 4
github.com/eciavatta/caronte/internal/core/pcap_importer.go:261.2,262.16 2 4
github.com/eciavatta/caronte/internal/core/pcap_importer.go:267.2,268.16 2 0
github.com/eciavatta/caronte/internal/core/pcap_importer.go:271.2,271.56 1 0
github.com/eciavatta/caronte/internal/core/pcap_importer.go:274.2,274.56 1 0
github.com/eciavatta/caronte/internal/core/pcap_importer.go:278.2,278.71 1 0
github.com/eciavatta/caronte/internal/core/pcap_importer.go:293.2,294.26 2 0
github.com/eciavatta/caronte/internal/core/pcap_importer.go:298.2,298.54 1 0
github.com/eciavatta/caronte/internal/core/pcap_importer.go:302.2,303.16 2 0
github.com/eciavatta/caronte/internal/core/pcap_importer.go:307.2,308.16 2 0
github.com/eciavatta/caronte/internal/core/pcap_importer.go:311.2,316.13 4 0
github.com/eciavatta/caronte/internal/core/pcap_importer.go:327.2,328.16 2 0
github.com/eciavatta/caronte/internal/core/pcap_importer.go:332.2,334.59 3 0
github.com/eciavatta/caronte/internal/core/pcap_importer.go:346.2,346.12 1 0
github.com/eciavatta/caronte/internal/core/pcap_importer.go:257.33,259.3 1 0
github.com/eciavatta/caronte/internal/core/pcap_importer.go:262.16,264.3 1 4
github.com/eciavatta/caronte/internal/core/pcap_importer.go:268.16,270.3 1 0
github.com/eciavatta/caronte/internal/core/pcap_importer.go:271.56,273.3 1 0
github.com/eciavatta/caronte/internal/core/pcap_importer.go:274.56,276.3 1 0
github.com/eciavatta/caronte/internal/core/pcap_importer.go:278.71,280.3 1 0
github.com/eciavatta/caronte/internal/core/pcap_importer.go:280.8,282.34 2 0
github.com/eciavatta/caronte/internal/core/pcap_importer.go:288.3,288.22 1 0
github.com/eciavatta/caronte/internal/core/pcap_importer.go:282.34,283.39 1 0
github.com/eciavatta/caronte/internal/core/pcap_importer.go:283.39,285.5 1 0
github.com/eciavatta/caronte/internal/core/pcap_importer.go:288.22,290.4 1 0
github.com/eciavatta/caronte/internal/core/pcap_importer.go:294.26,296.3 1 0
github.com/eciavatta/caronte/internal/core/pcap_importer.go:298.54,300.3 1 0
github.com/eciavatta/caronte/internal/core/pcap_importer.go:303.16,305.3 1 0
github.com/eciavatta/caronte/internal/core/pcap_importer.go:308.16,310.3 1 0
github.com/eciavatta/caronte/internal/core/pcap_importer.go:316.13,318.79 1 0
github.com/eciavatta/caronte/internal/core/pcap_importer.go:318.79,322.4 2 0
github.com/eciavatta/caronte/internal/core/pcap_importer.go:322.9,322.64 1 0
github.com/eciavatta/caronte/internal/core/pcap_importer.go:322.64,324.4 1 0
github.com/eciavatta/caronte/internal/core/pcap_importer.go:328.16,330.3 1 0
github.com/eciavatta/caronte/internal/core/pcap_importer.go:334.59,335.41 1 0
github.com/eciavatta/caronte/internal/core/pcap_importer.go:338.3,338.43 1 0
github.com/eciavatta/caronte/internal/core/pcap_importer.go:342.3,342.46 1 0
github.com/eciavatta/caronte/internal/core/pcap_importer.go:335.41,337.4 1 0
github.com/eciavatta/caronte/internal/core/pcap_importer.go:338.43,340.4 1 0
github.com/eciavatta/caronte/internal/core/pcap_importer.go:349.85,351.16 2 2
github.com/eciavatta/caronte/internal/core/pcap_importer.go:355.2,356.16 2 0
github.com/eciavatta/caronte/internal/core/pcap_importer.go:360.2,361.82 2 0
github.com/eciavatta/caronte/internal/core/pcap_importer.go:366.2,366.56 1 0
github.com/eciavatta/caronte/internal/core/pcap_importer.go:370.2,370.44 1 0
github.com/eciavatta/caronte/internal/core/pcap_importer.go:351.16,353.3 1 2
github.com/eciavatta/caronte/internal/core/pcap_importer.go:356.16,358.3 1 0
github.com/eciavatta/caronte/internal/core/pcap_importer.go:361.82,363.3 1 0
github.com/eciavatta/caronte/internal/core/pcap_importer.go:363.8,365.3 1 0
github.com/eciavatta/caronte/internal/core/pcap_importer.go:366.56,368.3 1 0
github.com/eciavatta/caronte/internal/core/pcap_importer.go:374.55,379.2 3 0
github.com/eciavatta/caronte/internal/core/pcap_importer.go:381.58,384.38 3 1
github.com/eciavatta/caronte/internal/core/pcap_importer.go:387.2,387.43 1 1
github.com/eciavatta/caronte/internal/core/pcap_importer.go:390.2,391.17 2 1
github.com/eciavatta/caronte/internal/core/pcap_importer.go:384.38,386.3 1 1
github.com/eciavatta/caronte/internal/core/pcap_importer.go:387.43,389.3 1 0
github.com/eciavatta/caronte/internal/core/pcap_importer.go:394.78,397.61 3 29
github.com/eciavatta/caronte/internal/core/pcap_importer.go:397.61,399.3 1 28
github.com/eciavatta/caronte/internal/core/pcap_importer.go:399.8,401.3 1 1
github.com/eciavatta/caronte/internal/core/pcap_importer.go:404.61,407.15 3 4
github.com/eciavatta/caronte/internal/core/pcap_importer.go:410.2,411.18 2 4
github.com/eciavatta/caronte/internal/core/pcap_importer.go:407.15,409.3 1 2
github.com/eciavatta/caronte/internal/core/pcap_importer.go:414.100,422.2 4 0
github.com/eciavatta/caronte/internal/core/pcap_importer.go:424.76,428.2 3 1
github.com/eciavatta/caronte/internal/core/pcap_importer.go:431.70,443.27 10 4
github.com/eciavatta/caronte/internal/core/pcap_importer.go:449.2,449.24 1 4
github.com/eciavatta/caronte/internal/core/pcap_importer.go:454.2,454.26 1 4
github.com/eciavatta/caronte/internal/core/pcap_importer.go:460.2,460.36 1 4
github.com/eciavatta/caronte/internal/core/pcap_importer.go:479.2,479.32 1 4
github.com/eciavatta/caronte/internal/core/pcap_importer.go:486.2,486.6 1 4
github.com/eciavatta/caronte/internal/core/pcap_importer.go:443.27,447.3 3 0
github.com/eciavatta/caronte/internal/core/pcap_importer.go:449.24,450.16 1 17534
github.com/eciavatta/caronte/internal/core/pcap_importer.go:450.16,452.4 1 17534
github.com/eciavatta/caronte/internal/core/pcap_importer.go:454.26,455.16 1 17534
github.com/eciavatta/caronte/internal/core/pcap_importer.go:455.16,457.4 1 17534
github.com/eciavatta/caronte/internal/core/pcap_importer.go:460.36,461.15 1 2
github.com/eciavatta/caronte/internal/core/pcap_importer.go:461.15,470.14 6 0
github.com/eciavatta/caronte/internal/core/pcap_importer.go:470.14,475.5 4 0
github.com/eciavatta/caronte/internal/core/pcap_importer.go:479.32,480.15 1 4
github.com/eciavatta/caronte/internal/core/pcap_importer.go:480.15,483.4 2 0
github.com/eciavatta/caronte/internal/core/pcap_importer.go:486.6,487.10 1 17538
github.com/eciavatta/caronte/internal/core/pcap_importer.go:488.28,489.21 1 17536
github.com/eciavatta/caronte/internal/core/pcap_importer.go:499.4,499.16 1 17534
github.com/eciavatta/caronte/internal/core/pcap_importer.go:503.4,508.64 4 17534
github.com/eciavatta/caronte/internal/core/pcap_importer.go:516.4,522.35 6 15534
github.com/eciavatta/caronte/internal/core/pcap_importer.go:535.4,536.18 2 15008
github.com/eciavatta/caronte/internal/core/pcap_importer.go:539.4,543.106 4 15008
github.com/eciavatta/caronte/internal/core/pcap_importer.go:544.34,545.24 1 0
github.com/eciavatta/caronte/internal/core/pcap_importer.go:546.21,552.16 4 2
github.com/eciavatta/caronte/internal/core/pcap_importer.go:559.4,561.10 2 2
github.com/eciavatta/caronte/internal/core/pcap_importer.go:489.21,497.5 6 2
github.com/eciavatta/caronte/internal/core/pcap_importer.go:499.16,501.5 1 0
github.com/eciavatta/caronte/internal/core/pcap_importer.go:508.64,513.13 4 2000
github.com/eciavatta/caronte/internal/core/pcap_importer.go:522.35,525.5 2 10004
github.com/eciavatta/caronte/internal/core/pcap_importer.go:525.10,525.42 1 5530
github.com/eciavatta/caronte/internal/core/pcap_importer.go:525.42,528.5 2 5004
github.com/eciavatta/caronte/internal/core/pcap_importer.go:528.10,533.13 4 526
github.com/eciavatta/caronte/internal/core/pcap_importer.go:536.18,538.5 1 1
github.com/eciavatta/caronte/internal/core/pcap_importer.go:552.16,554.5 1 0
github.com/eciavatta/caronte/internal/core/pcap_importer.go:554.10,557.5 2 2
github.com/eciavatta/caronte/internal/core/pcap_importer.go:566.76,568.15 2 4
github.com/eciavatta/caronte/internal/core/pcap_importer.go:573.2,575.79 2 4
github.com/eciavatta/caronte/internal/core/pcap_importer.go:568.15,570.3 1 2
github.com/eciavatta/caronte/internal/core/pcap_importer.go:570.8,572.3 1 2
github.com/eciavatta/caronte/internal/core/pcap_importer.go:575.79,577.3 1 0
github.com/eciavatta/caronte/internal/core/pcap_importer.go:580.64,584.29 3 5
github.com/eciavatta/caronte/internal/core/pcap_importer.go:588.2,592.18 4 1
github.com/eciavatta/caronte/internal/core/pcap_importer.go:584.29,586.3 1 4
github.com/eciavatta/caronte/internal/core/pcap_importer.go:595.76,599.2 3 5
github.com/eciavatta/caronte/internal/core/pcap_importer.go:601.88,610.14 3 4
github.com/eciavatta/caronte/internal/core/pcap_importer.go:616.2,616.21 1 4
github.com/eciavatta/caronte/internal/core/pcap_importer.go:610.14,614.3 3 0
github.com/eciavatta/caronte/internal/core/pcap_importer.go:619.47,625.29 5 14
github.com/eciavatta/caronte/internal/core/pcap_importer.go:630.2,630.6 1 14
github.com/eciavatta/caronte/internal/core/pcap_importer.go:625.29,628.3 2 3
github.com/eciavatta/caronte/internal/core/pcap_importer.go:630.6,631.10 1 20134
github.com/eciavatta/caronte/internal/core/pcap_importer.go:632.47,633.17 1 20060
github.com/eciavatta/caronte/internal/core/pcap_importer.go:638.4,638.22 1 20060
github.com/eciavatta/caronte/internal/core/pcap_importer.go:639.17,640.26 1 60
github.com/eciavatta/caronte/internal/core/pcap_importer.go:643.26,645.24 2 0
github.com/eciavatta/caronte/internal/core/pcap_importer.go:633.17,635.5 1 18060
github.com/eciavatta/caronte/internal/core/pcap_importer.go:635.10,637.5 1 2000
github.com/eciavatta/caronte/internal/core/pcap_importer.go:640.26,642.5 1 3
github.com/eciavatta/caronte/internal/core/pcap_importer.go:650.68,652.16 2 0
github.com/eciavatta/caronte/internal/core/pcap_importer.go:655.2,658.35 3 0
github.com/eciavatta/caronte/internal/core/pcap_importer.go:652.16,654.3 1 0
github.com/eciavatta/caronte/internal/core/pcap_importer.go:661.57,662.37 1 0
github.com/eciavatta/caronte/internal/core/pcap_importer.go:665.2,667.16 3 0
github.com/eciavatta/caronte/internal/core/pcap_importer.go:670.2,673.54 3 0
github.com/eciavatta/caronte/internal/core/pcap_importer.go:662.37,664.3 1 0
github.com/eciavatta/caronte/internal/core/pcap_importer.go:667.16,669.3 1 0
github.com/eciavatta/caronte/internal/core/pcap_importer.go:676.76,678.30 2 6
github.com/eciavatta/caronte/internal/core/pcap_importer.go:694.2,694.25 1 6
github.com/eciavatta/caronte/internal/core/pcap_importer.go:697.2,697.26 1 6
github.com/eciavatta/caronte/internal/core/pcap_importer.go:701.2,702.37 2 6
github.com/eciavatta/caronte/internal/core/pcap_importer.go:712.2,718.16 2 6
github.com/eciavatta/caronte/internal/core/pcap_importer.go:722.2,722.20 1 0
github.com/eciavatta/caronte/internal/core/pcap_importer.go:678.30,680.3 1 6
github.com/eciavatta/caronte/internal/core/pcap_importer.go:680.8,680.39 1 0
github.com/eciavatta/caronte/internal/core/pcap_importer.go:680.39,682.33 2 0
github.com/eciavatta/caronte/internal/core/pcap_importer.go:687.3,687.17 1 0
github.com/eciavatta/caronte/internal/core/pcap_importer.go:690.3,690.38 1 0
github.com/eciavatta/caronte/internal/core/pcap_importer.go:682.33,684.4 1 0
github.com/eciavatta/caronte/internal/core/pcap_importer.go:684.9,686.4 1 0
github.com/eciavatta/caronte/internal/core/pcap_importer.go:687.17,689.4 1 0
github.com/eciavatta/caronte/internal/core/pcap_importer.go:691.8,693.3 1 0
github.com/eciavatta/caronte/internal/core/pcap_importer.go:694.25,696.3 1 0
github.com/eciavatta/caronte/internal/core/pcap_importer.go:697.26,699.3 1 0
github.com/eciavatta/caronte/internal/core/pcap_importer.go:702.37,704.17 2 0
github.com/eciavatta/caronte/internal/core/pcap_importer.go:707.3,707.48 1 0
github.com/eciavatta/caronte/internal/core/pcap_importer.go:704.17,706.4 1 0
github.com/eciavatta/caronte/internal/core/pcap_importer.go:708.8,710.3 1 6
github.com/eciavatta/caronte/internal/core/pcap_importer.go:718.16,720.3 1 6
github.com/eciavatta/caronte/internal/core/pcap_importer.go:725.63,727.44 2 0
github.com/eciavatta/caronte/internal/core/pcap_importer.go:732.2,732.44 1 0
github.com/eciavatta/caronte/internal/core/pcap_importer.go:737.2,737.18 1 0
github.com/eciavatta/caronte/internal/core/pcap_importer.go:727.44,730.3 1 0
github.com/eciavatta/caronte/internal/core/pcap_importer.go:732.44,735.3 1 0
github.com/eciavatta/caronte/internal/core/pcap_importer.go:740.44,741.70 1 4
github.com/eciavatta/caronte/internal/core/pcap_importer.go:741.70,743.3 1 0
github.com/eciavatta/caronte/internal/core/pcap_importer.go:746.69,748.66 1 2
github.com/eciavatta/caronte/internal/core/pcap_importer.go:748.66,750.3 1 0
github.com/eciavatta/caronte/internal/core/search_controller.go:74.61,76.87 2 6
github.com/eciavatta/caronte/internal/core/search_controller.go:80.2,80.21 1 6
github.com/eciavatta/caronte/internal/core/search_controller.go:84.2,87.3 1 6
github.com/eciavatta/caronte/internal/core/search_controller.go:76.87,78.3 1 0
github.com/eciavatta/caronte/internal/core/search_controller.go:80.21,82.3 1 6
github.com/eciavatta/caronte/internal/core/search_controller.go:90.70,95.2 3 0
github.com/eciavatta/caronte/internal/core/search_controller.go:97.74,102.46 4 0
github.com/eciavatta/caronte/internal/core/search_controller.go:108.2,108.24 1 0
github.com/eciavatta/caronte/internal/core/search_controller.go:102.46,103.22 1 0
github.com/eciavatta/caronte/internal/core/search_controller.go:103.22,105.4 1 0
github.com/eciavatta/caronte/internal/core/search_controller.go:111.101,115.48 3 0
github.com/eciavatta/caronte/internal/core/search_controller.go:118.2,120.34 2 0
github.com/eciavatta/caronte/internal/core/search_controller.go:162.2,164.52 3 0
github.com/eciavatta/caronte/internal/core/search_controller.go:167.2,180.87 4 0
github.com/eciavatta/caronte/internal/core/search_controller.go:184.2,186.51 3 0
github.com/eciavatta/caronte/internal/core/search_controller.go:189.2,191.24 2 0
github.com/eciavatta/caronte/internal/core/search_controller.go:115.48,117.3 1 0
github.com/eciavatta/caronte/internal/core/search_controller.go:120.34,122.43 2 0
github.com/eciavatta/caronte/internal/core/search_controller.go:131.3,136.7 1 0
github.com/eciavatta/caronte/internal/core/search_controller.go:122.43,124.4 1 0
github.com/eciavatta/caronte/internal/core/search_controller.go:124.9,126.47 2 0
github.com/eciavatta/caronte/internal/core/search_controller.go:126.47,128.5 1 0
github.com/eciavatta/caronte/internal/core/search_controller.go:137.8,139.42 2 0
github.com/eciavatta/caronte/internal/core/search_controller.go:142.3,142.36 1 0
github.com/eciavatta/caronte/internal/core/search_controller.go:145.3,145.44 1 0
github.com/eciavatta/caronte/internal/core/search_controller.go:148.3,148.39 1 0
github.com/eciavatta/caronte/internal/core/search_controller.go:152.3,153.40 2 0
github.com/eciavatta/caronte/internal/core/search_controller.go:159.3,159.87 1 0
github.com/eciavatta/caronte/internal/core/search_controller.go:139.42,141.4 1 0
github.com/eciavatta/caronte/internal/core/search_controller.go:142.36,144.4 1 0
github.com/eciavatta/caronte/internal/core/search_controller.go:145.44,147.4 1 0
github.com/eciavatta/caronte/internal/core/search_controller.go:148.39,150.4 1 0
github.com/eciavatta/caronte/internal/core/search_controller.go:153.40,155.4 1 0
github.com/eciavatta/caronte/internal/core/search_controller.go:155.9,157.4 1 0
github.com/eciavatta/caronte/internal/core/search_controller.go:164.52,166.3 1 0
github.com/eciavatta/caronte/internal/core/search_controller.go:180.87,182.3 1 0
github.com/eciavatta/caronte/internal/core/search_controller.go:186.51,188.3 1 0
github.com/eciavatta/caronte/internal/core/search_controller.go:194.36,196.2 1 0
github.com/eciavatta/caronte/internal/core/search_controller.go:198.37,200.2 1 0
github.com/eciavatta/caronte/internal/core/search_controller.go:202.66,205.36 3 0
github.com/eciavatta/caronte/internal/core/search_controller.go:211.2,211.12 1 0
github.com/eciavatta/caronte/internal/core/search_controller.go:205.36,206.51 1 0
github.com/eciavatta/caronte/internal/core/search_controller.go:206.51,209.4 2 0
